2025-12-24 11:19:09.734 [info] Reading sessions from keychain...
2025-12-24 11:19:09.734 [info] Getting sessions for all scopes...
2025-12-24 11:19:09.734 [info] Got stored sessions!
2025-12-24 11:19:09.734 [info] Got 1 verified sessions.
2025-12-24 11:19:09.734 [info] Got 1 sessions for ...
2025-12-24 11:19:09.734 [info] Getting sessions for all scopes...
2025-12-24 11:19:09.734 [info] Got 1 sessions for ...
2025-12-24 11:19:09.734 [info] Getting sessions for all scopes...
2025-12-24 11:19:09.734 [info] Got 1 sessions for ...
2025-12-24 11:19:09.734 [info] Getting sessions for all scopes...
2025-12-24 11:19:09.734 [info] Got 1 sessions for ...
2025-12-24 11:19:09.734 [info] Getting sessions for all scopes...
2025-12-24 11:19:09.734 [info] Got 1 sessions for ...
2025-12-24 11:19:09.734 [info] Getting sessions for user:email...
2025-12-24 11:19:09.734 [info] Got 1 sessions for user:email...
2025-12-24 11:19:09.734 [info] Getting sessions for all scopes...
2025-12-24 11:19:09.734 [info] Got 1 sessions for ...
2025-12-24 11:19:09.734 [info] Getting sessions for all scopes...
2025-12-24 11:19:09.734 [info] Got 1 sessions for ...
2025-12-24 11:19:09.734 [info] Getting sessions for all scopes...
2025-12-24 11:19:09.734 [info] Got 1 sessions for ...
2025-12-24 11:19:09.734 [info] Getting sessions for all scopes...
2025-12-24 11:19:09.734 [info] Got 1 sessions for ...
2025-12-24 11:19:09.734 [info] Getting sessions for all scopes...
2025-12-24 11:19:09.734 [info] Got 1 sessions for ...
2025-12-24 11:19:09.734 [info] Getting sessions for all scopes...
2025-12-24 11:19:09.734 [info] Got 1 sessions for ...
2025-12-24 11:19:09.734 [info] Getting sessions for all scopes...
2025-12-24 11:19:09.734 [info] Got 1 sessions for ...
2025-12-24 11:19:09.734 [info] Getting sessions for all scopes...
2025-12-24 11:19:09.734 [info] Got 1 sessions for ...
2025-12-24 11:19:09.734 [info] Getting sessions for all scopes...
2025-12-24 11:19:09.734 [info] Got 1 sessions for ...
2025-12-24 11:19:09.734 [info] Getting sessions for all scopes...
2025-12-24 11:19:09.734 [info] Got 1 sessions for ...
2025-12-24 11:19:09.734 [info] Getting sessions for all scopes...
2025-12-24 11:19:09.734 [info] Got 1 sessions for ...
2025-12-24 11:19:09.734 [info] Getting sessions for all scopes...
2025-12-24 11:19:09.734 [info] Got 1 sessions for ...
2025-12-24 11:19:09.734 [info] Getting sessions for all scopes...
2025-12-24 11:19:09.734 [info] Got 1 sessions for ...
2025-12-24 11:19:09.734 [info] Getting sessions for read:user,repo,user:email,workflow...
2025-12-24 11:19:09.734 [info] Got 0 sessions for read:user,repo,user:email,workflow...
2025-12-24 11:19:09.756 [info] Getting sessions for user:email...
2025-12-24 11:19:09.756 [info] Got 1 sessions for user:email...
2025-12-24 11:19:09.757 [info] Getting sessions for read:user,repo,user:email,workflow...
2025-12-24 11:19:09.757 [info] Got 0 sessions for read:user,repo,user:email,workflow...
2025-12-24 11:19:09.869 [info] Getting sessions for user:email...
2025-12-24 11:19:09.869 [info] Got 1 sessions for user:email...
2025-12-24 11:19:10.286 [info] Getting sessions for all scopes...
2025-12-24 11:19:10.287 [info] Got 1 sessions for ...
2025-12-24 11:19:10.287 [info] Getting sessions for all scopes...
2025-12-24 11:19:10.287 [info] Got 1 sessions for ...
2025-12-24 11:19:10.287 [info] Getting sessions for all scopes...
2025-12-24 11:19:10.287 [info] Got 1 sessions for ...
2025-12-24 11:19:10.328 [info] Getting sessions for all scopes...
2025-12-24 11:19:10.328 [info] Got 1 sessions for ...
2025-12-24 11:19:11.008 [info] Getting sessions for read:user,repo,user:email,workflow...
2025-12-24 11:19:11.008 [info] Got 0 sessions for read:user,repo,user:email,workflow...
2025-12-24 11:19:11.174 [info] FetcherService: Electron fetch failed with status: 429 
2025-12-24 11:19:11.773 [info] Getting sessions for read:user,repo,user:email...
2025-12-24 11:19:11.773 [info] Got 0 sessions for read:user,repo,user:email...
2025-12-24 11:19:11.789 [info] Getting sessions for user:email...
2025-12-24 11:19:11.789 [info] Got 1 sessions for user:email...
2025-12-24 11:19:11.789 [info] Getting sessions for read:user,repo,user:email,workflow...
2025-12-24 11:19:11.789 [info] Got 0 sessions for read:user,repo,user:email,workflow...
2025-12-24 11:19:11.790 [info] Getting sessions for read:user,repo,user:email,workflow...
2025-12-24 11:19:11.790 [info] Got 0 sessions for read:user,repo,user:email,workflow...
2025-12-24 11:19:11.810 [info] Getting sessions for read:user,repo,user:email,workflow...
2025-12-24 11:19:11.810 [info] Got 0 sessions for read:user,repo,user:email,workflow...
2025-12-24 11:19:12.249 [info] Getting sessions for read:user,repo,user:email...
2025-12-24 11:19:12.249 [info] Got 0 sessions for read:user,repo,user:email...
2025-12-24 11:19:12.591 [info] Getting sessions for all scopes...
2025-12-24 11:19:12.591 [info] Got 1 sessions for ...
2025-12-24 11:19:12.591 [info] Getting sessions for all scopes...
2025-12-24 11:19:12.591 [info] Got 1 sessions for ...
2025-12-24 11:19:12.913 [info] FetcherService: Node fetch failed with status: 429 Too Many Requests
2025-12-24 11:19:12.940 [info] Getting sessions for read:user,repo,user:email,workflow...
2025-12-24 11:19:12.940 [info] Got 0 sessions for read:user,repo,user:email,workflow...
2025-12-24 11:19:12.979 [info] Getting sessions for read:user,repo,user:email,workflow...
2025-12-24 11:19:12.979 [info] Got 0 sessions for read:user,repo,user:email,workflow...
2025-12-24 11:19:13.007 [info] Getting sessions for user:email...
2025-12-24 11:19:13.007 [info] Got 1 sessions for user:email...
2025-12-24 11:19:13.007 [info] Getting sessions for read:user,repo,user:email,workflow...
2025-12-24 11:19:13.007 [info] Got 0 sessions for read:user,repo,user:email,workflow...
2025-12-24 11:19:13.101 [info] Getting sessions for all scopes...
2025-12-24 11:19:13.101 [info] Got 1 sessions for ...
2025-12-24 11:19:13.117 [info] Getting sessions for all scopes...
2025-12-24 11:19:13.117 [info] Got 1 sessions for ...
2025-12-24 11:19:13.125 [info] Getting sessions for all scopes...
2025-12-24 11:19:13.125 [info] Got 1 sessions for ...
2025-12-24 11:19:13.127 [info] Getting sessions for all scopes...
2025-12-24 11:19:13.127 [info] Got 1 sessions for ...
2025-12-24 11:19:13.183 [info] Getting sessions for read:user,repo,user:email,workflow...
2025-12-24 11:19:13.183 [info] Got 0 sessions for read:user,repo,user:email,workflow...
2025-12-24 11:19:13.231 [info] Getting sessions for user:email...
2025-12-24 11:19:13.231 [info] Got 1 sessions for user:email...
2025-12-24 11:19:13.232 [info] Getting sessions for read:user,repo,user:email,workflow...
2025-12-24 11:19:13.232 [info] Got 0 sessions for read:user,repo,user:email,workflow...
2025-12-24 11:19:13.237 [info] Getting sessions for all scopes...
2025-12-24 11:19:13.237 [info] Got 1 sessions for ...
2025-12-24 11:19:13.238 [info] Getting sessions for read:user,repo,user:email,workflow...
2025-12-24 11:19:13.239 [info] Got 0 sessions for read:user,repo,user:email,workflow...
2025-12-24 11:19:13.240 [info] Getting sessions for user:email...
2025-12-24 11:19:13.240 [info] Got 1 sessions for user:email...
2025-12-24 11:19:13.396 [info] FetcherService: Node http/s failed with status: 429 Too Many Requests
2025-12-24 11:21:02.803 [info] Getting sessions for all scopes...
2025-12-24 11:21:02.803 [info] Got 1 sessions for ...
2025-12-24 11:21:02.805 [info] Getting sessions for read:user,repo,user:email,workflow...
2025-12-24 11:21:02.805 [info] Got 0 sessions for read:user,repo,user:email,workflow...
2025-12-24 11:21:02.807 [info] Getting sessions for user:email...
2025-12-24 11:21:02.807 [info] Got 1 sessions for user:email...
2025-12-24 11:21:42.207 [info] Getting sessions for read:user,repo,user:email...
2025-12-24 11:21:42.207 [info] Got 0 sessions for read:user,repo,user:email...
2025-12-24 11:22:06.035 [info] Getting sessions for all scopes...
2025-12-24 11:22:06.035 [info] Got 1 sessions for ...
2025-12-24 11:22:06.037 [info] Getting sessions for read:user,repo,user:email,workflow...
2025-12-24 11:22:06.037 [info] Got 0 sessions for read:user,repo,user:email,workflow...
2025-12-24 11:22:06.038 [info] Getting sessions for user:email...
2025-12-24 11:22:06.038 [info] Got 1 sessions for user:email...
2025-12-24 11:22:13.895 [info] Getting sessions for all scopes...
2025-12-24 11:22:13.896 [info] Got 1 sessions for ...
2025-12-24 11:22:13.901 [info] Getting sessions for read:user,repo,user:email,workflow...
2025-12-24 11:22:13.901 [info] Got 0 sessions for read:user,repo,user:email,workflow...
2025-12-24 11:22:13.903 [info] Getting sessions for user:email...
2025-12-24 11:22:13.903 [info] Got 1 sessions for user:email...
2025-12-24 11:22:14.283 [info] Getting sessions for all scopes...
2025-12-24 11:22:14.283 [info] Got 1 sessions for ...
2025-12-24 11:22:14.284 [info] Getting sessions for read:user,repo,user:email,workflow...
2025-12-24 11:22:14.284 [info] Got 0 sessions for read:user,repo,user:email,workflow...
2025-12-24 11:22:14.285 [info] Getting sessions for user:email...
2025-12-24 11:22:14.286 [info] Got 1 sessions for user:email...
2025-12-24 11:22:14.612 [info] Getting sessions for all scopes...
2025-12-24 11:22:14.613 [info] Got 1 sessions for ...
2025-12-24 11:22:14.614 [info] Getting sessions for read:user,repo,user:email,workflow...
2025-12-24 11:22:14.614 [info] Got 0 sessions for read:user,repo,user:email,workflow...
2025-12-24 11:22:14.616 [info] Getting sessions for user:email...
2025-12-24 11:22:14.616 [info] Got 1 sessions for user:email...
2025-12-24 11:22:15.008 [info] Getting sessions for all scopes...
2025-12-24 11:22:15.008 [info] Got 1 sessions for ...
2025-12-24 11:22:15.009 [info] Getting sessions for read:user,repo,user:email,workflow...
2025-12-24 11:22:15.010 [info] Got 0 sessions for read:user,repo,user:email,workflow...
2025-12-24 11:22:15.011 [info] Getting sessions for user:email...
2025-12-24 11:22:15.011 [info] Got 1 sessions for user:email...
2025-12-24 11:22:15.333 [info] Getting sessions for all scopes...
2025-12-24 11:22:15.334 [info] Got 1 sessions for ...
2025-12-24 11:22:15.335 [info] Getting sessions for read:user,repo,user:email,workflow...
2025-12-24 11:22:15.335 [info] Got 0 sessions for read:user,repo,user:email,workflow...
2025-12-24 11:22:15.337 [info] Getting sessions for user:email...
2025-12-24 11:22:15.337 [info] Got 1 sessions for user:email...
2025-12-24 11:22:16.180 [info] Getting sessions for all scopes...
2025-12-24 11:22:16.180 [info] Got 1 sessions for ...
2025-12-24 11:22:16.182 [info] Getting sessions for read:user,repo,user:email,workflow...
2025-12-24 11:22:16.182 [info] Got 0 sessions for read:user,repo,user:email,workflow...
2025-12-24 11:22:16.184 [info] Getting sessions for user:email...
2025-12-24 11:22:16.184 [info] Got 1 sessions for user:email...
2025-12-24 11:22:16.606 [info] Getting sessions for all scopes...
2025-12-24 11:22:16.606 [info] Got 1 sessions for ...
2025-12-24 11:22:16.608 [info] Getting sessions for read:user,repo,user:email,workflow...
2025-12-24 11:22:16.608 [info] Got 0 sessions for read:user,repo,user:email,workflow...
2025-12-24 11:22:16.610 [info] Getting sessions for user:email...
2025-12-24 11:22:16.610 [info] Got 1 sessions for user:email...
2025-12-24 11:22:17.327 [info] Getting sessions for all scopes...
2025-12-24 11:22:17.327 [info] Got 1 sessions for ...
2025-12-24 11:22:17.329 [info] Getting sessions for read:user,repo,user:email,workflow...
2025-12-24 11:22:17.329 [info] Got 0 sessions for read:user,repo,user:email,workflow...
2025-12-24 11:22:17.330 [info] Getting sessions for user:email...
2025-12-24 11:22:17.330 [info] Got 1 sessions for user:email...
2025-12-24 11:22:18.146 [info] Getting sessions for all scopes...
2025-12-24 11:22:18.146 [info] Got 1 sessions for ...
2025-12-24 11:22:18.148 [info] Getting sessions for read:user,repo,user:email,workflow...
2025-12-24 11:22:18.148 [info] Got 0 sessions for read:user,repo,user:email,workflow...
2025-12-24 11:22:18.150 [info] Getting sessions for user:email...
2025-12-24 11:22:18.150 [info] Got 1 sessions for user:email...
2025-12-24 11:22:48.754 [info] Getting sessions for all scopes...
2025-12-24 11:22:48.754 [info] Got 1 sessions for ...
2025-12-24 11:22:48.756 [info] Getting sessions for read:user,repo,user:email,workflow...
2025-12-24 11:22:48.756 [info] Got 0 sessions for read:user,repo,user:email,workflow...
2025-12-24 11:22:48.757 [info] Getting sessions for user:email...
2025-12-24 11:22:48.757 [info] Got 1 sessions for user:email...
2025-12-24 11:22:49.538 [info] Getting sessions for all scopes...
2025-12-24 11:22:49.538 [info] Got 1 sessions for ...
2025-12-24 11:22:49.540 [info] Getting sessions for read:user,repo,user:email,workflow...
2025-12-24 11:22:49.540 [info] Got 0 sessions for read:user,repo,user:email,workflow...
2025-12-24 11:22:49.541 [info] Getting sessions for user:email...
2025-12-24 11:22:49.541 [info] Got 1 sessions for user:email...
2025-12-24 11:22:50.544 [info] Getting sessions for all scopes...
2025-12-24 11:22:50.544 [info] Got 1 sessions for ...
2025-12-24 11:22:50.545 [info] Getting sessions for read:user,repo,user:email,workflow...
2025-12-24 11:22:50.545 [info] Got 0 sessions for read:user,repo,user:email,workflow...
2025-12-24 11:22:50.547 [info] Getting sessions for user:email...
2025-12-24 11:22:50.547 [info] Got 1 sessions for user:email...
2025-12-24 11:22:51.407 [info] Getting sessions for all scopes...
2025-12-24 11:22:51.407 [info] Got 1 sessions for ...
2025-12-24 11:22:51.409 [info] Getting sessions for read:user,repo,user:email,workflow...
2025-12-24 11:22:51.409 [info] Got 0 sessions for read:user,repo,user:email,workflow...
2025-12-24 11:22:51.410 [info] Getting sessions for user:email...
2025-12-24 11:22:51.410 [info] Got 1 sessions for user:email...
2025-12-24 11:22:52.123 [info] Getting sessions for all scopes...
2025-12-24 11:22:52.123 [info] Got 1 sessions for ...
2025-12-24 11:22:52.125 [info] Getting sessions for read:user,repo,user:email,workflow...
2025-12-24 11:22:52.125 [info] Got 0 sessions for read:user,repo,user:email,workflow...
2025-12-24 11:22:52.126 [info] Getting sessions for user:email...
2025-12-24 11:22:52.126 [info] Got 1 sessions for user:email...
2025-12-24 11:22:53.914 [info] Getting sessions for all scopes...
2025-12-24 11:22:53.914 [info] Got 1 sessions for ...
2025-12-24 11:22:53.917 [info] Getting sessions for read:user,repo,user:email,workflow...
2025-12-24 11:22:53.917 [info] Got 0 sessions for read:user,repo,user:email,workflow...
2025-12-24 11:22:53.919 [info] Getting sessions for user:email...
2025-12-24 11:22:53.919 [info] Got 1 sessions for user:email...
2025-12-24 11:24:22.380 [info] Getting sessions for all scopes...
2025-12-24 11:24:22.380 [info] Got 1 sessions for ...
2025-12-24 11:24:22.382 [info] Getting sessions for read:user,repo,user:email,workflow...
2025-12-24 11:24:22.382 [info] Got 0 sessions for read:user,repo,user:email,workflow...
2025-12-24 11:24:22.383 [info] Getting sessions for user:email...
2025-12-24 11:24:22.383 [info] Got 1 sessions for user:email...
2025-12-24 11:25:06.372 [info] Getting sessions for all scopes...
2025-12-24 11:25:06.372 [info] Got 1 sessions for ...
2025-12-24 11:25:06.373 [info] Getting sessions for read:user,repo,user:email,workflow...
2025-12-24 11:25:06.373 [info] Got 0 sessions for read:user,repo,user:email,workflow...
2025-12-24 11:25:06.376 [info] Getting sessions for user:email...
2025-12-24 11:25:06.376 [info] Got 1 sessions for user:email...
2025-12-24 11:25:06.872 [info] Getting sessions for all scopes...
2025-12-24 11:25:06.872 [info] Got 1 sessions for ...
2025-12-24 11:25:06.875 [info] Getting sessions for read:user,repo,user:email,workflow...
2025-12-24 11:25:06.876 [info] Got 0 sessions for read:user,repo,user:email,workflow...
2025-12-24 11:25:06.877 [info] Getting sessions for user:email...
2025-12-24 11:25:06.877 [info] Got 1 sessions for user:email...
2025-12-24 11:25:09.425 [info] Getting sessions for all scopes...
2025-12-24 11:25:09.425 [info] Got 1 sessions for ...
2025-12-24 11:25:09.428 [info] Getting sessions for read:user,repo,user:email,workflow...
2025-12-24 11:25:09.428 [info] Got 0 sessions for read:user,repo,user:email,workflow...
2025-12-24 11:25:09.430 [info] Getting sessions for user:email...
2025-12-24 11:25:09.430 [info] Got 1 sessions for user:email...
2025-12-24 11:26:02.708 [info] Getting sessions for read:user,repo,user:email...
2025-12-24 11:26:02.708 [info] Got 0 sessions for read:user,repo,user:email...
