2025-12-24 11:20:21.289 [info] Executing :w
2025-12-24 11:20:39.564 [info] /home/aria/code/rust/rudocx/src/errors/mod.rs.git closed
2025-12-24 11:21:23.973 [info] /home/aria/.config/Code/User/settings.json closed
2025-12-24 11:21:24.016 [info] Configuration changed
2025-12-24 11:21:31.154 [info] Active editor: file:///home/aria/code/rust/rudocx/src/errors/mod.rs
2025-12-24 11:21:36.158 [info] Executing :w
2025-12-24 11:21:43.593 [info] Configuration changed
2025-12-24 11:21:44.674 [info] Configuration changed
2025-12-24 11:21:47.267 [info] extension-output-rust-lang.rust-analyzer-#1-rust-analyzer Language Server closed
2025-12-24 11:22:12.627 [info] /home/aria/code/rust/rudocx/src/errors/mod.rs.git closed
2025-12-24 11:24:19.789 [info] Active editor: vscode-userdata:/home/aria/.config/Code/User/settings.json
2025-12-24 11:24:20.426 [info] Configuration changed
2025-12-24 11:25:04.734 [info] Executing :w
2025-12-24 11:25:05.034 [info] Configuration changed
2025-12-24 11:25:05.103 [info] Configuration changed
2025-12-24 11:25:28.530 [info] Active editor: file:///home/aria/code/rust/rudocx/src/errors/mod.rs
2025-12-24 11:25:29.065 [info] /home/aria/code/rust/rudocx/src/errors/mod.rs.git closed
2025-12-24 11:25:30.738 [info] Active editor: file:///home/aria/code/rust/rudocx/src/errors/mod.rs
2025-12-24 11:27:19.461 [info] /home/aria/code/rust/rudocx/src/errors/mod.rs closed
2025-12-24 11:27:19.462 [info] /home/aria/code/rust/rudocx/src/errors/mod.rs.git closed
2025-12-24 11:27:20.091 [info] /schema.json closed
