12/20/2025, 6:20:37 PM GMT+1 0: 

----------------------------------------------
12/20/2025, 6:20:37 PM GMT+1 1: Discord starting: {"releaseChannel":"stable","version":"0.0.117"}, modulepath: /home/aria/.config/discord/0.0.117/modules
12/20/2025, 6:20:37 PM GMT+1 2: ✅ webContents.created web1 ""
12/20/2025, 6:20:37 PM GMT+1 3: ✅ window.created win1 "discord"
12/20/2025, 6:20:37 PM GMT+1 4: ✅ webContents.did-finish-load web1
12/20/2025, 6:20:48 PM GMT+1 5: ✅ webContents.created web2 ""
12/20/2025, 6:20:48 PM GMT+1 6: ✅ window.created win2 "Discord"
12/20/2025, 6:20:49 PM GMT+1 7: ✅ webContents.did-finish-load web2
12/20/2025, 6:20:50 PM GMT+1 8: window.close win1
12/20/2025, 6:20:50 PM GMT+1 9: webContents.destroyed web1
12/20/2025, 6:20:50 PM GMT+1 10: window.closed win1
12/20/2025, 6:26:29 PM GMT+1 11: before-quit
12/20/2025, 6:26:29 PM GMT+1 12: window.close win2
12/20/2025, 6:26:29 PM GMT+1 13: ❌ child-process-gone {
  type: 'Utility',
  reason: 'killed',
  exitCode: 15,
  serviceName: 'audio.mojom.AudioService',
  name: 'Audio Service'
}
12/20/2025, 6:26:30 PM GMT+1 14: ❌ child-process-gone {
  type: 'Utility',
  reason: 'killed',
  exitCode: 15,
  serviceName: 'network.mojom.NetworkService',
  name: 'Network Service'
}
12/20/2025, 6:40:01 PM GMT+1 0: 

----------------------------------------------
12/20/2025, 6:40:01 PM GMT+1 1: Discord starting: {"releaseChannel":"stable","version":"0.0.117"}, modulepath: /home/aria/.config/discord/0.0.117/modules
12/20/2025, 6:40:01 PM GMT+1 2: ✅ webContents.created web1 ""
12/20/2025, 6:40:01 PM GMT+1 3: ✅ window.created win1 "discord"
12/20/2025, 6:40:01 PM GMT+1 4: ✅ webContents.did-finish-load web1
12/20/2025, 6:40:02 PM GMT+1 5: ✅ webContents.created web2 ""
12/20/2025, 6:40:02 PM GMT+1 6: ✅ window.created win2 "Discord"
12/20/2025, 6:40:03 PM GMT+1 7: ✅ webContents.did-finish-load web2
12/20/2025, 6:40:04 PM GMT+1 8: window.close win1
12/20/2025, 6:40:04 PM GMT+1 9: webContents.destroyed web1
12/20/2025, 6:40:04 PM GMT+1 10: window.closed win1
12/20/2025, 6:49:10 PM GMT+1 11: before-quit
12/20/2025, 6:49:10 PM GMT+1 12: window.close win2
12/20/2025, 6:49:10 PM GMT+1 13: ❌ child-process-gone {
  type: 'Utility',
  reason: 'killed',
  exitCode: 15,
  serviceName: 'audio.mojom.AudioService',
  name: 'Audio Service'
}
12/20/2025, 6:49:10 PM GMT+1 14: ❌ child-process-gone {
  type: 'Utility',
  reason: 'killed',
  exitCode: 15,
  serviceName: 'network.mojom.NetworkService',
  name: 'Network Service'
}
12/20/2025, 6:49:46 PM GMT+1 0: 

----------------------------------------------
12/20/2025, 6:49:46 PM GMT+1 1: Discord starting: {"releaseChannel":"stable","version":"0.0.117"}, modulepath: /home/aria/.config/discord/0.0.117/modules
12/20/2025, 6:49:46 PM GMT+1 2: ✅ webContents.created web1 ""
12/20/2025, 6:49:46 PM GMT+1 3: ✅ window.created win1 "discord"
12/20/2025, 6:49:46 PM GMT+1 4: ✅ webContents.did-finish-load web1
12/20/2025, 6:49:46 PM GMT+1 5: ✅ webContents.created web2 ""
12/20/2025, 6:49:46 PM GMT+1 6: ✅ window.created win2 "Discord"
12/20/2025, 6:49:47 PM GMT+1 7: ✅ webContents.did-finish-load web2
12/20/2025, 6:49:48 PM GMT+1 8: window.close win1
12/20/2025, 6:49:48 PM GMT+1 9: webContents.destroyed web1
12/20/2025, 6:49:48 PM GMT+1 10: window.closed win1
12/20/2025, 6:50:56 PM GMT+1 11: window.close win2
12/20/2025, 6:57:47 PM GMT+1 12: window.close win2
12/20/2025, 7:45:54 PM GMT+1 0: 

----------------------------------------------
12/20/2025, 7:45:54 PM GMT+1 1: Discord starting: {"releaseChannel":"stable","version":"0.0.117"}, modulepath: /home/aria/.config/discord/0.0.117/modules
12/20/2025, 7:45:54 PM GMT+1 2: ✅ webContents.created web1 ""
12/20/2025, 7:45:54 PM GMT+1 3: ✅ window.created win1 "discord"
12/20/2025, 7:45:54 PM GMT+1 4: ✅ webContents.did-finish-load web1
12/20/2025, 7:45:54 PM GMT+1 5: ✅ webContents.created web2 ""
12/20/2025, 7:45:54 PM GMT+1 6: ✅ window.created win2 "Discord"
12/20/2025, 7:45:55 PM GMT+1 7: ✅ webContents.did-finish-load web2
12/20/2025, 7:45:56 PM GMT+1 8: window.close win1
12/20/2025, 7:45:56 PM GMT+1 9: webContents.destroyed web1
12/20/2025, 7:45:56 PM GMT+1 10: window.closed win1
12/20/2025, 8:21:10 PM GMT+1 11: window.close win2
12/20/2025, 8:26:26 PM GMT+1 12: before-quit
12/20/2025, 8:26:26 PM GMT+1 13: window.close win2
12/20/2025, 8:26:26 PM GMT+1 14: ❌ child-process-gone {
  type: 'Utility',
  reason: 'killed',
  exitCode: 15,
  serviceName: 'audio.mojom.AudioService',
  name: 'Audio Service'
}
12/20/2025, 8:26:26 PM GMT+1 15: ❌ child-process-gone {
  type: 'Utility',
  reason: 'killed',
  exitCode: 15,
  serviceName: 'network.mojom.NetworkService',
  name: 'Network Service'
}
12/20/2025, 10:22:02 PM GMT+1 0: 

----------------------------------------------
12/20/2025, 10:22:02 PM GMT+1 1: Discord starting: {"releaseChannel":"stable","version":"0.0.117"}, modulepath: /home/aria/.config/discord/0.0.117/modules
12/20/2025, 10:22:02 PM GMT+1 2: ✅ webContents.created web1 ""
12/20/2025, 10:22:02 PM GMT+1 3: ✅ window.created win1 "discord"
12/20/2025, 10:22:02 PM GMT+1 4: ✅ webContents.did-finish-load web1
12/20/2025, 10:22:03 PM GMT+1 5: ✅ webContents.created web2 ""
12/20/2025, 10:22:03 PM GMT+1 6: ✅ window.created win2 "Discord"
12/20/2025, 10:22:05 PM GMT+1 7: ✅ webContents.did-finish-load web2
12/20/2025, 10:22:06 PM GMT+1 8: window.close win1
12/20/2025, 10:22:06 PM GMT+1 9: webContents.destroyed web1
12/20/2025, 10:22:06 PM GMT+1 10: window.closed win1
12/20/2025, 10:24:34 PM GMT+1 11: window.close win2
12/20/2025, 10:24:38 PM GMT+1 0: 

----------------------------------------------
12/20/2025, 10:24:38 PM GMT+1 1: Discord starting: {"releaseChannel":"stable","version":"0.0.117"}, modulepath: /home/aria/.config/discord/0.0.117/modules
12/20/2025, 10:25:04 PM GMT+1 0: 

----------------------------------------------
12/20/2025, 10:25:04 PM GMT+1 1: Discord starting: {"releaseChannel":"stable","version":"0.0.117"}, modulepath: /home/aria/.config/discord/0.0.117/modules
12/20/2025, 10:25:04 PM GMT+1 2: ✅ webContents.created web1 "index.html"
12/20/2025, 10:25:04 PM GMT+1 3: ✅ window.created win1 "discord"
12/20/2025, 10:25:05 PM GMT+1 4: ✅ webContents.did-finish-load web1
12/20/2025, 10:25:05 PM GMT+1 5: ✅ webContents.created web2 ""
12/20/2025, 10:25:05 PM GMT+1 6: ✅ window.created win2 "Discord"
12/20/2025, 10:25:07 PM GMT+1 7: ✅ webContents.did-finish-load web2
12/20/2025, 10:25:08 PM GMT+1 8: window.close win1
12/20/2025, 10:25:08 PM GMT+1 9: webContents.destroyed web1
12/20/2025, 10:25:08 PM GMT+1 10: window.closed win1
12/20/2025, 10:25:21 PM GMT+1 11: window.close win2
12/20/2025, 10:48:19 PM GMT+1 12: before-quit
12/20/2025, 10:48:19 PM GMT+1 13: window.close win2
12/20/2025, 10:48:19 PM GMT+1 14: ❌ child-process-gone {
  type: 'Utility',
  reason: 'killed',
  exitCode: 15,
  serviceName: 'network.mojom.NetworkService',
  name: 'Network Service'
}
12/20/2025, 10:57:49 PM GMT+1 0: 

----------------------------------------------
12/20/2025, 10:57:49 PM GMT+1 1: Discord starting: {"releaseChannel":"stable","version":"0.0.117"}, modulepath: /home/aria/.config/discord/0.0.117/modules
12/20/2025, 10:57:49 PM GMT+1 2: ✅ webContents.created web1 ""
12/20/2025, 10:57:49 PM GMT+1 3: ✅ window.created win1 "discord"
12/20/2025, 10:57:49 PM GMT+1 4: ✅ webContents.did-finish-load web1
12/20/2025, 10:57:50 PM GMT+1 5: ✅ webContents.created web2 ""
12/20/2025, 10:57:50 PM GMT+1 6: ✅ window.created win2 "Discord"
12/20/2025, 10:57:52 PM GMT+1 7: ✅ webContents.did-finish-load web2
12/20/2025, 10:57:53 PM GMT+1 8: window.close win1
12/20/2025, 10:57:53 PM GMT+1 9: webContents.destroyed web1
12/20/2025, 10:57:53 PM GMT+1 10: window.closed win1
12/20/2025, 11:57:11 PM GMT+1 0: 

----------------------------------------------
12/20/2025, 11:57:11 PM GMT+1 1: Discord starting: {"releaseChannel":"stable","version":"0.0.117"}, modulepath: /home/aria/.config/discord/0.0.117/modules
12/20/2025, 11:57:11 PM GMT+1 2: ✅ webContents.created web1 ""
12/20/2025, 11:57:11 PM GMT+1 3: ✅ window.created win1 "discord"
12/20/2025, 11:57:12 PM GMT+1 4: ✅ webContents.did-finish-load web1
12/20/2025, 11:57:12 PM GMT+1 5: ✅ webContents.created web2 ""
12/20/2025, 11:57:12 PM GMT+1 6: ✅ window.created win2 "Discord"
12/20/2025, 11:57:14 PM GMT+1 7: ✅ webContents.did-finish-load web2
12/20/2025, 11:57:15 PM GMT+1 8: window.close win1
12/20/2025, 11:57:15 PM GMT+1 9: webContents.destroyed web1
12/20/2025, 11:57:15 PM GMT+1 10: window.closed win1
12/21/2025, 12:18:12 AM GMT+1 11: window.close win2
12/21/2025, 12:29:03 AM GMT+1 12: window.close win2
12/21/2025, 12:33:08 AM GMT+1 0: 

----------------------------------------------
12/21/2025, 12:33:08 AM GMT+1 1: Discord starting: {"releaseChannel":"stable","version":"0.0.117"}, modulepath: /home/aria/.config/discord/0.0.117/modules
12/21/2025, 12:33:34 AM GMT+1 13: before-quit
12/21/2025, 12:33:34 AM GMT+1 14: window.close win2
12/21/2025, 12:33:35 AM GMT+1 15: webContents.destroyed web2
12/21/2025, 12:33:38 AM GMT+1 0: 

----------------------------------------------
12/21/2025, 12:33:38 AM GMT+1 1: Discord starting: {"releaseChannel":"stable","version":"0.0.117"}, modulepath: /home/aria/.config/discord/0.0.117/modules
12/21/2025, 12:33:38 AM GMT+1 2: ✅ webContents.created web1 "index.html"
12/21/2025, 12:33:38 AM GMT+1 3: ✅ window.created win1 "discord"
12/21/2025, 12:33:38 AM GMT+1 4: ✅ webContents.did-finish-load web1
12/21/2025, 12:33:39 AM GMT+1 5: ✅ webContents.created web2 ""
12/21/2025, 12:33:39 AM GMT+1 6: ✅ window.created win2 "Discord"
12/21/2025, 12:33:40 AM GMT+1 7: ✅ webContents.did-finish-load web2
12/21/2025, 12:33:40 AM GMT+1 8: window.close win1
12/21/2025, 12:33:40 AM GMT+1 9: webContents.destroyed web1
12/21/2025, 12:33:40 AM GMT+1 10: window.closed win1
12/21/2025, 12:33:43 AM GMT+1 11: ✅ webContents.did-finish-load web2
12/21/2025, 12:34:47 AM GMT+1 12: window.close win2
12/21/2025, 12:34:56 AM GMT+1 13: before-quit
12/21/2025, 12:34:56 AM GMT+1 14: window.close win2
12/21/2025, 12:34:56 AM GMT+1 15: ❌ child-process-gone {
  type: 'Utility',
  reason: 'killed',
  exitCode: 15,
  serviceName: 'audio.mojom.AudioService',
  name: 'Audio Service'
}
12/21/2025, 12:42:37 AM GMT+1 0: 

----------------------------------------------
12/21/2025, 12:42:37 AM GMT+1 1: Discord starting: {"releaseChannel":"stable","version":"0.0.117"}, modulepath: /home/aria/.config/discord/0.0.117/modules
12/21/2025, 12:42:37 AM GMT+1 2: ✅ webContents.created web1 ""
12/21/2025, 12:42:37 AM GMT+1 3: ✅ window.created win1 "discord"
12/21/2025, 12:42:37 AM GMT+1 4: ✅ webContents.did-finish-load web1
12/21/2025, 12:42:38 AM GMT+1 5: ✅ webContents.created web2 ""
12/21/2025, 12:42:38 AM GMT+1 6: ✅ window.created win2 "Discord"
12/21/2025, 12:42:40 AM GMT+1 7: ✅ webContents.did-finish-load web2
12/21/2025, 12:42:41 AM GMT+1 8: window.close win1
12/21/2025, 12:42:41 AM GMT+1 9: webContents.destroyed web1
12/21/2025, 12:42:41 AM GMT+1 10: window.closed win1
12/21/2025, 12:56:25 AM GMT+1 0: 

----------------------------------------------
12/21/2025, 12:56:25 AM GMT+1 1: Discord starting: {"releaseChannel":"stable","version":"0.0.117"}, modulepath: /home/aria/.config/discord/0.0.117/modules
12/21/2025, 1:08:44 AM GMT+1 11: window.close win2
12/21/2025, 1:09:07 AM GMT+1 0: 

----------------------------------------------
12/21/2025, 1:09:07 AM GMT+1 1: Discord starting: {"releaseChannel":"stable","version":"0.0.117"}, modulepath: /home/aria/.config/discord/0.0.117/modules
12/21/2025, 1:09:20 AM GMT+1 12: window.close win2
12/21/2025, 1:12:52 AM GMT+1 13: before-quit
12/21/2025, 1:12:52 AM GMT+1 14: window.close win2
12/21/2025, 1:12:52 AM GMT+1 15: ❌ child-process-gone {
  type: 'Utility',
  reason: 'killed',
  exitCode: 15,
  serviceName: 'network.mojom.NetworkService',
  name: 'Network Service'
}
12/21/2025, 1:15:24 PM GMT+1 0: 

----------------------------------------------
12/21/2025, 1:15:24 PM GMT+1 1: Discord starting: {"releaseChannel":"stable","version":"0.0.117"}, modulepath: /home/aria/.config/discord/0.0.117/modules
12/21/2025, 1:15:24 PM GMT+1 2: ✅ webContents.created web1 ""
12/21/2025, 1:15:24 PM GMT+1 3: ✅ window.created win1 "discord"
12/21/2025, 1:15:25 PM GMT+1 4: ✅ webContents.did-finish-load web1
12/21/2025, 1:15:25 PM GMT+1 5: ✅ webContents.created web2 ""
12/21/2025, 1:15:25 PM GMT+1 6: ✅ window.created win2 "Discord"
12/21/2025, 1:15:27 PM GMT+1 7: ✅ webContents.did-finish-load web2
12/21/2025, 1:15:28 PM GMT+1 8: window.close win1
12/21/2025, 1:15:28 PM GMT+1 9: webContents.destroyed web1
12/21/2025, 1:15:28 PM GMT+1 10: window.closed win1
12/21/2025, 1:37:39 PM GMT+1 11: before-quit
12/21/2025, 1:37:39 PM GMT+1 12: window.close win2
12/21/2025, 1:37:39 PM GMT+1 13: ❌ child-process-gone {
  type: 'Utility',
  reason: 'killed',
  exitCode: 15,
  serviceName: 'audio.mojom.AudioService',
  name: 'Audio Service'
}
12/21/2025, 1:37:39 PM GMT+1 14: ❌ child-process-gone {
  type: 'Utility',
  reason: 'killed',
  exitCode: 15,
  serviceName: 'network.mojom.NetworkService',
  name: 'Network Service'
}
12/21/2025, 6:02:35 PM GMT+1 0: 

----------------------------------------------
12/21/2025, 6:02:35 PM GMT+1 1: Discord starting: {"releaseChannel":"stable","version":"0.0.117"}, modulepath: /home/aria/.config/discord/0.0.117/modules
12/21/2025, 6:02:35 PM GMT+1 2: ✅ webContents.created web1 ""
12/21/2025, 6:02:35 PM GMT+1 3: ✅ window.created win1 "discord"
12/21/2025, 6:02:36 PM GMT+1 4: ✅ webContents.did-finish-load web1
12/21/2025, 6:02:36 PM GMT+1 5: ✅ webContents.created web2 ""
12/21/2025, 6:02:36 PM GMT+1 6: ✅ window.created win2 "Discord"
12/21/2025, 6:02:37 PM GMT+1 7: ✅ webContents.did-finish-load web2
12/21/2025, 6:02:38 PM GMT+1 8: window.close win1
12/21/2025, 6:02:38 PM GMT+1 9: webContents.destroyed web1
12/21/2025, 6:02:38 PM GMT+1 10: window.closed win1
12/21/2025, 6:08:51 PM GMT+1 11: before-quit
12/21/2025, 6:08:51 PM GMT+1 12: window.close win2
12/21/2025, 6:08:51 PM GMT+1 13: ❌ child-process-gone {
  type: 'Utility',
  reason: 'killed',
  exitCode: 15,
  serviceName: 'audio.mojom.AudioService',
  name: 'Audio Service'
}
12/24/2025, 11:00:58 AM GMT+1 0: 

----------------------------------------------
12/24/2025, 11:00:58 AM GMT+1 1: Discord starting: {"releaseChannel":"stable","version":"0.0.117"}, modulepath: /home/aria/.config/discord/0.0.117/modules
12/24/2025, 11:00:58 AM GMT+1 2: ✅ webContents.created web1 ""
12/24/2025, 11:00:58 AM GMT+1 3: ✅ window.created win1 "discord"
12/24/2025, 11:00:58 AM GMT+1 4: ✅ webContents.did-finish-load web1
12/24/2025, 11:00:58 AM GMT+1 5: ✅ webContents.created web2 ""
12/24/2025, 11:00:58 AM GMT+1 6: ✅ window.created win2 "Discord"
12/24/2025, 11:01:00 AM GMT+1 7: ✅ webContents.did-finish-load web2
12/24/2025, 11:01:02 AM GMT+1 8: window.close win1
12/24/2025, 11:01:02 AM GMT+1 9: webContents.destroyed web1
12/24/2025, 11:01:02 AM GMT+1 10: window.closed win1
12/24/2025, 12:05:14 PM GMT+1 11: before-quit
12/24/2025, 12:05:14 PM GMT+1 12: window.close win2
12/24/2025, 12:05:14 PM GMT+1 13: ❌ child-process-gone {
  type: 'Utility',
  reason: 'killed',
  exitCode: 15,
  serviceName: 'audio.mojom.AudioService',
  name: 'Audio Service'
}
12/24/2025, 12:05:15 PM GMT+1 14: ❌ child-process-gone {
  type: 'Utility',
  reason: 'killed',
  exitCode: 15,
  serviceName: 'network.mojom.NetworkService',
  name: 'Network Service'
}
12/28/2025, 11:13:42 AM GMT+1 0: 

----------------------------------------------
12/28/2025, 11:13:42 AM GMT+1 1: Discord starting: {"releaseChannel":"stable","version":"0.0.117"}, modulepath: /home/aria/.config/discord/0.0.117/modules
12/28/2025, 11:13:42 AM GMT+1 2: ✅ webContents.created web1 ""
12/28/2025, 11:13:42 AM GMT+1 3: ✅ window.created win1 "discord"
12/28/2025, 11:13:42 AM GMT+1 4: ✅ webContents.did-finish-load web1
12/28/2025, 11:13:42 AM GMT+1 5: ✅ webContents.created web2 ""
12/28/2025, 11:13:42 AM GMT+1 6: ✅ window.created win2 "Discord"
12/28/2025, 11:13:43 AM GMT+1 7: ✅ webContents.did-finish-load web2
12/28/2025, 11:13:44 AM GMT+1 8: window.close win1
12/28/2025, 11:13:44 AM GMT+1 9: webContents.destroyed web1
12/28/2025, 11:13:44 AM GMT+1 10: window.closed win1
