2025-12-21T17:58:08.739173322+01:00 ERROR failed fetching cargo workspace root e=cd "/home/aria/code/rust/rudocx" && RUSTUP_AUTO_INSTALL="0" "cargo" "locate-project" "--workspace" "--manifest-path" "/home/aria/code/rust/rudocx/Cargo.toml" failed cargo_toml=/home/aria/code/rust/rudocx/Cargo.toml
2025-12-21T17:58:08.739926061+01:00 ERROR failed fetching toolchain version for ManifestPath { file: AbsPathBuf("/home/aria/code/rust/rudocx/Cargo.toml") } workspace e=Failed to query rust toolchain version via `cd "/home/aria/code/rust/rudocx" && RUSTUP_AUTO_INSTALL="0" "cargo" "--version"`, is your toolchain setup correctly?
2025-12-21T17:58:08.740525731+01:00  WARN failed to run `cd "/home/aria/code/rust/rudocx" && RUSTUP_AUTO_INSTALL="0" __CARGO_TEST_CHANNEL_OVERRIDE_DO_NOT_USE_THIS="nightly" "cargo" "rustc" "-Z" "unstable-options" "--print" "cfg" "--" "-O"`, falling back to invoking rustc directly e=cd "/home/aria/code/rust/rudocx" && RUSTUP_AUTO_INSTALL="0" __CARGO_TEST_CHANNEL_OVERRIDE_DO_NOT_USE_THIS="nightly" "cargo" "rustc" "-Z" "unstable-options" "--print" "cfg" "--" "-O" failed
2025-12-21T17:58:08.740555684+01:00  WARN failed to run `cd "/home/aria/code/rust/rudocx" && RUSTC_BOOTSTRAP="1" RUSTUP_AUTO_INSTALL="0" "cargo" "rustc" "-Z" "unstable-options" "--print" "target-spec-json" "--" "-Z" "unstable-options"`, falling back to invoking rustc directly e=cd "/home/aria/code/rust/rudocx" && RUSTC_BOOTSTRAP="1" RUSTUP_AUTO_INSTALL="0" "cargo" "rustc" "-Z" "unstable-options" "--print" "target-spec-json" "--" "-Z" "unstable-options" failed
2025-12-21T17:58:08.740907105+01:00 ERROR failed fetching data layout for ManifestPath { file: AbsPathBuf("/home/aria/code/rust/rudocx/Cargo.toml") } workspace e=unable to fetch target-data-layout via `cd "/home/aria/code/rust/rudocx" && RUSTC_BOOTSTRAP="1" RUSTUP_AUTO_INSTALL="0" "rustc" "-Z" "unstable-options" "--print" "target-spec-json"`
2025-12-21T17:58:08.740923143+01:00  WARN failed to get rustc cfgs e=unable to fetch cfgs via `cd "/home/aria/code/rust/rudocx" && RUSTUP_AUTO_INSTALL="0" "rustc" "--print" "cfg" "-O"`

Caused by:
    0: cd "/home/aria/code/rust/rudocx" && RUSTUP_AUTO_INSTALL="0" "rustc" "--print" "cfg" "-O" failed
    1: No such file or directory (os error 2)

Stack backtrace:
   0: <E as anyhow::context::ext::StdError>::ext_context
   1: anyhow::context::<impl anyhow::Context<T,E> for core::result::Result<T,E>>::with_context
   2: project_model::utf8_stdout
   3: project_model::toolchain_info::rustc_cfg::get
   4: std::sys::backtrace::__rust_begin_short_backtrace
   5: core::ops::function::FnOnce::call_once{{vtable.shim}}
   6: std::sys::thread::unix::Thread::new::thread_start
   7: start_thread
   8: __GI___clone3
2025-12-21T17:58:08.745188368+01:00 ERROR FetchWorkspaceError: rust-analyzer failed to load workspace: Failed to load the project at /home/aria/code/rust/rudocx/Cargo.toml: Failed to read Cargo metadata from Cargo.toml file /home/aria/code/rust/rudocx/Cargo.toml, None: Failed to run `cd "/home/aria/code/rust/rudocx" && RUSTUP_AUTO_INSTALL="0" "cargo" "metadata" "--format-version" "1" "--manifest-path" "/home/aria/code/rust/rudocx/Cargo.toml"`: No such file or directory (os error 2)

2025-12-21T17:58:28.644276646+01:00 ERROR failed fetching cargo workspace root e=cd "/home/aria/code/rust/rudocx" && RUSTUP_AUTO_INSTALL="0" "cargo" "locate-project" "--workspace" "--manifest-path" "/home/aria/code/rust/rudocx/Cargo.toml" failed cargo_toml=/home/aria/code/rust/rudocx/Cargo.toml
2025-12-21T17:58:28.645096189+01:00 ERROR failed fetching toolchain version for ManifestPath { file: AbsPathBuf("/home/aria/code/rust/rudocx/Cargo.toml") } workspace e=Failed to query rust toolchain version via `cd "/home/aria/code/rust/rudocx" && RUSTUP_AUTO_INSTALL="0" "cargo" "--version"`, is your toolchain setup correctly?
2025-12-21T17:58:28.645596769+01:00  WARN failed to run `cd "/home/aria/code/rust/rudocx" && RUSTUP_AUTO_INSTALL="0" __CARGO_TEST_CHANNEL_OVERRIDE_DO_NOT_USE_THIS="nightly" "cargo" "rustc" "-Z" "unstable-options" "--print" "cfg" "--" "-O"`, falling back to invoking rustc directly e=cd "/home/aria/code/rust/rudocx" && RUSTUP_AUTO_INSTALL="0" __CARGO_TEST_CHANNEL_OVERRIDE_DO_NOT_USE_THIS="nightly" "cargo" "rustc" "-Z" "unstable-options" "--print" "cfg" "--" "-O" failed
2025-12-21T17:58:28.645740086+01:00  WARN failed to run `cd "/home/aria/code/rust/rudocx" && RUSTC_BOOTSTRAP="1" RUSTUP_AUTO_INSTALL="0" "cargo" "rustc" "-Z" "unstable-options" "--print" "target-spec-json" "--" "-Z" "unstable-options"`, falling back to invoking rustc directly e=cd "/home/aria/code/rust/rudocx" && RUSTC_BOOTSTRAP="1" RUSTUP_AUTO_INSTALL="0" "cargo" "rustc" "-Z" "unstable-options" "--print" "target-spec-json" "--" "-Z" "unstable-options" failed
2025-12-21T17:58:28.64582013+01:00  WARN failed to get rustc cfgs e=unable to fetch cfgs via `cd "/home/aria/code/rust/rudocx" && RUSTUP_AUTO_INSTALL="0" "rustc" "--print" "cfg" "-O"`

Caused by:
    0: cd "/home/aria/code/rust/rudocx" && RUSTUP_AUTO_INSTALL="0" "rustc" "--print" "cfg" "-O" failed
    1: No such file or directory (os error 2)

Stack backtrace:
   0: <E as anyhow::context::ext::StdError>::ext_context
   1: anyhow::context::<impl anyhow::Context<T,E> for core::result::Result<T,E>>::with_context
   2: project_model::utf8_stdout
   3: project_model::toolchain_info::rustc_cfg::get
   4: std::sys::backtrace::__rust_begin_short_backtrace
   5: core::ops::function::FnOnce::call_once{{vtable.shim}}
   6: std::sys::thread::unix::Thread::new::thread_start
   7: start_thread
   8: __GI___clone3
2025-12-21T17:58:28.646020169+01:00 ERROR failed fetching data layout for ManifestPath { file: AbsPathBuf("/home/aria/code/rust/rudocx/Cargo.toml") } workspace e=unable to fetch target-data-layout via `cd "/home/aria/code/rust/rudocx" && RUSTC_BOOTSTRAP="1" RUSTUP_AUTO_INSTALL="0" "rustc" "-Z" "unstable-options" "--print" "target-spec-json"`
2025-12-21T17:58:28.646106565+01:00 ERROR FetchWorkspaceError: rust-analyzer failed to load workspace: Failed to load the project at /home/aria/code/rust/rudocx/Cargo.toml: Failed to read Cargo metadata from Cargo.toml file /home/aria/code/rust/rudocx/Cargo.toml, None: Failed to run `cd "/home/aria/code/rust/rudocx" && RUSTUP_AUTO_INSTALL="0" "cargo" "metadata" "--format-version" "1" "--manifest-path" "/home/aria/code/rust/rudocx/Cargo.toml"`: No such file or directory (os error 2)

2025-12-21T17:58:32.414957761+01:00 ERROR failed fetching cargo workspace root e=cd "/home/aria/code/rust/rudocx" && RUSTUP_AUTO_INSTALL="0" "cargo" "locate-project" "--workspace" "--manifest-path" "/home/aria/code/rust/rudocx/Cargo.toml" failed cargo_toml=/home/aria/code/rust/rudocx/Cargo.toml
2025-12-21T17:58:32.41571744+01:00 ERROR failed fetching toolchain version for ManifestPath { file: AbsPathBuf("/home/aria/code/rust/rudocx/Cargo.toml") } workspace e=Failed to query rust toolchain version via `cd "/home/aria/code/rust/rudocx" && RUSTUP_AUTO_INSTALL="0" "cargo" "--version"`, is your toolchain setup correctly?
2025-12-21T17:58:32.416242807+01:00  WARN failed to run `cd "/home/aria/code/rust/rudocx" && RUSTUP_AUTO_INSTALL="0" __CARGO_TEST_CHANNEL_OVERRIDE_DO_NOT_USE_THIS="nightly" "cargo" "rustc" "-Z" "unstable-options" "--print" "cfg" "--" "-O"`, falling back to invoking rustc directly e=cd "/home/aria/code/rust/rudocx" && RUSTUP_AUTO_INSTALL="0" __CARGO_TEST_CHANNEL_OVERRIDE_DO_NOT_USE_THIS="nightly" "cargo" "rustc" "-Z" "unstable-options" "--print" "cfg" "--" "-O" failed
2025-12-21T17:58:32.416351482+01:00  WARN failed to run `cd "/home/aria/code/rust/rudocx" && RUSTC_BOOTSTRAP="1" RUSTUP_AUTO_INSTALL="0" "cargo" "rustc" "-Z" "unstable-options" "--print" "target-spec-json" "--" "-Z" "unstable-options"`, falling back to invoking rustc directly e=cd "/home/aria/code/rust/rudocx" && RUSTC_BOOTSTRAP="1" RUSTUP_AUTO_INSTALL="0" "cargo" "rustc" "-Z" "unstable-options" "--print" "target-spec-json" "--" "-Z" "unstable-options" failed
2025-12-21T17:58:32.416479784+01:00  WARN failed to get rustc cfgs e=unable to fetch cfgs via `cd "/home/aria/code/rust/rudocx" && RUSTUP_AUTO_INSTALL="0" "rustc" "--print" "cfg" "-O"`

Caused by:
    0: cd "/home/aria/code/rust/rudocx" && RUSTUP_AUTO_INSTALL="0" "rustc" "--print" "cfg" "-O" failed
    1: No such file or directory (os error 2)

Stack backtrace:
   0: <E as anyhow::context::ext::StdError>::ext_context
   1: anyhow::context::<impl anyhow::Context<T,E> for core::result::Result<T,E>>::with_context
   2: project_model::utf8_stdout
   3: project_model::toolchain_info::rustc_cfg::get
   4: std::sys::backtrace::__rust_begin_short_backtrace
   5: core::ops::function::FnOnce::call_once{{vtable.shim}}
   6: std::sys::thread::unix::Thread::new::thread_start
   7: start_thread
   8: __GI___clone3
2025-12-21T17:58:32.416584212+01:00 ERROR failed fetching data layout for ManifestPath { file: AbsPathBuf("/home/aria/code/rust/rudocx/Cargo.toml") } workspace e=unable to fetch target-data-layout via `cd "/home/aria/code/rust/rudocx" && RUSTC_BOOTSTRAP="1" RUSTUP_AUTO_INSTALL="0" "rustc" "-Z" "unstable-options" "--print" "target-spec-json"`
2025-12-21T17:58:32.416658966+01:00 ERROR FetchWorkspaceError: rust-analyzer failed to load workspace: Failed to load the project at /home/aria/code/rust/rudocx/Cargo.toml: Failed to read Cargo metadata from Cargo.toml file /home/aria/code/rust/rudocx/Cargo.toml, None: Failed to run `cd "/home/aria/code/rust/rudocx" && RUSTUP_AUTO_INSTALL="0" "cargo" "metadata" "--format-version" "1" "--manifest-path" "/home/aria/code/rust/rudocx/Cargo.toml"`: No such file or directory (os error 2)

[Error - 5:58:42 PM] Server process exited with code 0.
2025-12-21T17:58:42.760948674+01:00 ERROR failed fetching cargo workspace root e=cd "/home/aria/code/rust/rudocx" && RUSTUP_AUTO_INSTALL="0" "cargo" "locate-project" "--workspace" "--manifest-path" "/home/aria/code/rust/rudocx/Cargo.toml" failed cargo_toml=/home/aria/code/rust/rudocx/Cargo.toml
2025-12-21T17:58:42.761551617+01:00 ERROR failed fetching toolchain version for ManifestPath { file: AbsPathBuf("/home/aria/code/rust/rudocx/Cargo.toml") } workspace e=Failed to query rust toolchain version via `cd "/home/aria/code/rust/rudocx" && RUSTUP_AUTO_INSTALL="0" "cargo" "--version"`, is your toolchain setup correctly?
2025-12-21T17:58:42.762129074+01:00  WARN failed to run `cd "/home/aria/code/rust/rudocx" && RUSTUP_AUTO_INSTALL="0" __CARGO_TEST_CHANNEL_OVERRIDE_DO_NOT_USE_THIS="nightly" "cargo" "rustc" "-Z" "unstable-options" "--print" "cfg" "--" "-O"`, falling back to invoking rustc directly e=cd "/home/aria/code/rust/rudocx" && RUSTUP_AUTO_INSTALL="0" __CARGO_TEST_CHANNEL_OVERRIDE_DO_NOT_USE_THIS="nightly" "cargo" "rustc" "-Z" "unstable-options" "--print" "cfg" "--" "-O" failed
2025-12-21T17:58:42.762216032+01:00  WARN failed to run `cd "/home/aria/code/rust/rudocx" && RUSTC_BOOTSTRAP="1" RUSTUP_AUTO_INSTALL="0" "cargo" "rustc" "-Z" "unstable-options" "--print" "target-spec-json" "--" "-Z" "unstable-options"`, falling back to invoking rustc directly e=cd "/home/aria/code/rust/rudocx" && RUSTC_BOOTSTRAP="1" RUSTUP_AUTO_INSTALL="0" "cargo" "rustc" "-Z" "unstable-options" "--print" "target-spec-json" "--" "-Z" "unstable-options" failed
2025-12-21T17:58:42.762348933+01:00  WARN failed to get rustc cfgs e=unable to fetch cfgs via `cd "/home/aria/code/rust/rudocx" && RUSTUP_AUTO_INSTALL="0" "rustc" "--print" "cfg" "-O"`

Caused by:
    0: cd "/home/aria/code/rust/rudocx" && RUSTUP_AUTO_INSTALL="0" "rustc" "--print" "cfg" "-O" failed
    1: No such file or directory (os error 2)

Stack backtrace:
   0: <E as anyhow::context::ext::StdError>::ext_context
   1: anyhow::context::<impl anyhow::Context<T,E> for core::result::Result<T,E>>::with_context
   2: project_model::utf8_stdout
   3: project_model::toolchain_info::rustc_cfg::get
   4: std::sys::backtrace::__rust_begin_short_backtrace
   5: core::ops::function::FnOnce::call_once{{vtable.shim}}
   6: std::sys::thread::unix::Thread::new::thread_start
   7: start_thread
   8: __GI___clone3
2025-12-21T17:58:42.766629755+01:00 ERROR failed fetching data layout for ManifestPath { file: AbsPathBuf("/home/aria/code/rust/rudocx/Cargo.toml") } workspace e=unable to fetch target-data-layout via `cd "/home/aria/code/rust/rudocx" && RUSTC_BOOTSTRAP="1" RUSTUP_AUTO_INSTALL="0" "rustc" "-Z" "unstable-options" "--print" "target-spec-json"`
2025-12-21T17:58:42.766898512+01:00 ERROR FetchWorkspaceError: rust-analyzer failed to load workspace: Failed to load the project at /home/aria/code/rust/rudocx/Cargo.toml: Failed to read Cargo metadata from Cargo.toml file /home/aria/code/rust/rudocx/Cargo.toml, None: Failed to run `cd "/home/aria/code/rust/rudocx" && RUSTUP_AUTO_INSTALL="0" "cargo" "metadata" "--format-version" "1" "--manifest-path" "/home/aria/code/rust/rudocx/Cargo.toml"`: No such file or directory (os error 2)

2025-12-21T17:58:42.868464697+01:00 ERROR failed fetching cargo workspace root e=cd "/home/aria/code/rust/rudocx" && RUSTUP_AUTO_INSTALL="0" "cargo" "locate-project" "--workspace" "--manifest-path" "/home/aria/code/rust/rudocx/Cargo.toml" failed cargo_toml=/home/aria/code/rust/rudocx/Cargo.toml
2025-12-21T17:58:42.869668269+01:00 ERROR failed fetching toolchain version for ManifestPath { file: AbsPathBuf("/home/aria/code/rust/rudocx/Cargo.toml") } workspace e=Failed to query rust toolchain version via `cd "/home/aria/code/rust/rudocx" && RUSTUP_AUTO_INSTALL="0" "cargo" "--version"`, is your toolchain setup correctly?
2025-12-21T17:58:42.870483247+01:00  WARN failed to run `cd "/home/aria/code/rust/rudocx" && RUSTUP_AUTO_INSTALL="0" __CARGO_TEST_CHANNEL_OVERRIDE_DO_NOT_USE_THIS="nightly" "cargo" "rustc" "-Z" "unstable-options" "--print" "cfg" "--" "-O"`, falling back to invoking rustc directly e=cd "/home/aria/code/rust/rudocx" && RUSTUP_AUTO_INSTALL="0" __CARGO_TEST_CHANNEL_OVERRIDE_DO_NOT_USE_THIS="nightly" "cargo" "rustc" "-Z" "unstable-options" "--print" "cfg" "--" "-O" failed
2025-12-21T17:58:42.870568942+01:00  WARN failed to run `cd "/home/aria/code/rust/rudocx" && RUSTC_BOOTSTRAP="1" RUSTUP_AUTO_INSTALL="0" "cargo" "rustc" "-Z" "unstable-options" "--print" "target-spec-json" "--" "-Z" "unstable-options"`, falling back to invoking rustc directly e=cd "/home/aria/code/rust/rudocx" && RUSTC_BOOTSTRAP="1" RUSTUP_AUTO_INSTALL="0" "cargo" "rustc" "-Z" "unstable-options" "--print" "target-spec-json" "--" "-Z" "unstable-options" failed
2025-12-21T17:58:42.870835716+01:00  WARN failed to get rustc cfgs e=unable to fetch cfgs via `cd "/home/aria/code/rust/rudocx" && RUSTUP_AUTO_INSTALL="0" "rustc" "--print" "cfg" "-O"`

Caused by:
    0: cd "/home/aria/code/rust/rudocx" && RUSTUP_AUTO_INSTALL="0" "rustc" "--print" "cfg" "-O" failed
    1: No such file or directory (os error 2)

Stack backtrace:
   0: <E as anyhow::context::ext::StdError>::ext_context
   1: anyhow::context::<impl anyhow::Context<T,E> for core::result::Result<T,E>>::with_context
   2: project_model::utf8_stdout
   3: project_model::toolchain_info::rustc_cfg::get
   4: std::sys::backtrace::__rust_begin_short_backtrace
   5: core::ops::function::FnOnce::call_once{{vtable.shim}}
   6: std::sys::thread::unix::Thread::new::thread_start
   7: start_thread
   8: __GI___clone3
2025-12-21T17:58:42.870973346+01:00 ERROR failed fetching data layout for ManifestPath { file: AbsPathBuf("/home/aria/code/rust/rudocx/Cargo.toml") } workspace e=unable to fetch target-data-layout via `cd "/home/aria/code/rust/rudocx" && RUSTC_BOOTSTRAP="1" RUSTUP_AUTO_INSTALL="0" "rustc" "-Z" "unstable-options" "--print" "target-spec-json"`
2025-12-21T17:58:42.871065122+01:00 ERROR FetchWorkspaceError: rust-analyzer failed to load workspace: Failed to load the project at /home/aria/code/rust/rudocx/Cargo.toml: Failed to read Cargo metadata from Cargo.toml file /home/aria/code/rust/rudocx/Cargo.toml, None: Failed to run `cd "/home/aria/code/rust/rudocx" && RUSTUP_AUTO_INSTALL="0" "cargo" "metadata" "--format-version" "1" "--manifest-path" "/home/aria/code/rust/rudocx/Cargo.toml"`: No such file or directory (os error 2)

