2025-12-21 17:54:30.604 [info] Reading sessions from keychain...
2025-12-21 17:54:30.604 [info] Getting sessions for all scopes...
2025-12-21 17:54:30.604 [info] Got 0 sessions for ...
2025-12-21 17:54:30.604 [info] Getting sessions for all scopes...
2025-12-21 17:54:30.604 [info] Got 0 sessions for ...
2025-12-21 17:54:30.604 [info] Getting sessions for all scopes...
2025-12-21 17:54:30.604 [info] Got 0 sessions for ...
2025-12-21 17:54:30.604 [info] Getting sessions for all scopes...
2025-12-21 17:54:30.604 [info] Got 0 sessions for ...
2025-12-21 17:54:30.604 [info] Getting sessions for all scopes...
2025-12-21 17:54:30.604 [info] Got 0 sessions for ...
2025-12-21 17:54:30.604 [info] Getting sessions for all scopes...
2025-12-21 17:54:30.604 [info] Got 0 sessions for ...
2025-12-21 17:54:30.604 [info] Getting sessions for all scopes...
2025-12-21 17:54:30.604 [info] Got 0 sessions for ...
2025-12-21 17:54:30.604 [info] Getting sessions for all scopes...
2025-12-21 17:54:30.604 [info] Got 0 sessions for ...
2025-12-21 17:54:30.604 [info] Getting sessions for all scopes...
2025-12-21 17:54:30.604 [info] Got 0 sessions for ...
2025-12-21 17:54:30.604 [info] Getting sessions for all scopes...
2025-12-21 17:54:30.604 [info] Got 0 sessions for ...
2025-12-21 17:54:30.613 [info] Getting sessions for all scopes...
2025-12-21 17:54:30.613 [info] Got 0 sessions for ...
2025-12-21 17:54:30.613 [info] Getting sessions for all scopes...
2025-12-21 17:54:30.613 [info] Got 0 sessions for ...
2025-12-21 17:54:30.614 [info] Getting sessions for all scopes...
2025-12-21 17:54:30.614 [info] Got 0 sessions for ...
2025-12-21 17:54:30.614 [info] Getting sessions for all scopes...
2025-12-21 17:54:30.614 [info] Got 0 sessions for ...
2025-12-21 17:54:30.614 [info] Getting sessions for all scopes...
2025-12-21 17:54:30.614 [info] Got 0 sessions for ...
2025-12-21 17:54:30.614 [info] Getting sessions for all scopes...
2025-12-21 17:54:30.614 [info] Got 0 sessions for ...
2025-12-21 17:54:32.482 [info] Getting sessions for all scopes...
2025-12-21 17:54:32.482 [info] Got 0 sessions for ...
2025-12-21 17:54:45.294 [info] Getting sessions for user:email...
2025-12-21 17:54:45.294 [info] Got 0 sessions for user:email...
2025-12-21 17:54:52.996 [info] Logging in with 'any' account...
2025-12-21 17:54:52.996 [info] Logging in for the following scopes: user:email
2025-12-21 17:54:52.999 [info] Trying with local server... (user:email)
2025-12-21 17:55:44.353 [info] Exchanging code for token...
2025-12-21 17:55:44.634 [info] Token exchange success!
2025-12-21 17:55:44.635 [info] Getting user info...
2025-12-21 17:55:44.965 [info] Got account info!
2025-12-21 17:55:44.966 [info] Storing 1 sessions...
2025-12-21 17:55:44.968 [info] Reading sessions from keychain...
2025-12-21 17:55:44.968 [info] Stored 1 sessions!
2025-12-21 17:55:44.968 [info] Login success!
2025-12-21 17:55:44.969 [info] Getting sessions for all scopes...
2025-12-21 17:55:44.970 [info] Got stored sessions!
2025-12-21 17:55:44.970 [info] Got 1 verified sessions.
2025-12-21 17:55:44.970 [info] Got 1 sessions for ...
2025-12-21 17:55:44.970 [info] Getting sessions for all scopes...
2025-12-21 17:55:44.970 [info] Got 1 sessions for ...
2025-12-21 17:55:44.970 [info] Getting sessions for user:email...
2025-12-21 17:55:44.971 [info] Got 1 sessions for user:email...
2025-12-21 17:55:44.971 [info] Getting sessions for all scopes...
2025-12-21 17:55:44.971 [info] Got 1 sessions for ...
2025-12-21 17:55:45.299 [info] FetcherService: Electron fetch failed with status: 429 
2025-12-21 17:55:45.656 [info] FetcherService: Node fetch failed with status: 429 Too Many Requests
2025-12-21 17:55:46.002 [info] FetcherService: Node http/s failed with status: 429 Too Many Requests
2025-12-21 17:55:58.228 [info] Getting sessions for read:user,repo,user:email...
2025-12-21 17:55:58.228 [info] Got 0 sessions for read:user,repo,user:email...
2025-12-21 17:55:58.228 [info] Getting sessions for all scopes...
2025-12-21 17:55:58.228 [info] Got 1 sessions for ...
2025-12-21 17:55:58.228 [info] Getting sessions for all scopes...
2025-12-21 17:55:58.228 [info] Got 1 sessions for ...
2025-12-21 17:55:58.245 [info] Getting sessions for read:user,repo,user:email...
2025-12-21 17:55:58.245 [info] Got 0 sessions for read:user,repo,user:email...
2025-12-21 17:55:58.245 [info] Getting sessions for read:user,repo,user:email,workflow...
2025-12-21 17:55:58.245 [info] Got 0 sessions for read:user,repo,user:email,workflow...
2025-12-21 17:55:58.273 [info] Getting sessions for user:email...
2025-12-21 17:55:58.273 [info] Got 1 sessions for user:email...
2025-12-21 17:55:58.273 [info] Getting sessions for read:user,repo,user:email,workflow...
2025-12-21 17:55:58.273 [info] Got 0 sessions for read:user,repo,user:email,workflow...
2025-12-21 17:55:58.533 [info] Getting sessions for all scopes...
2025-12-21 17:55:58.533 [info] Got 1 sessions for ...
2025-12-21 17:55:58.536 [info] Getting sessions for read:user,repo,user:email,workflow...
2025-12-21 17:55:58.536 [info] Got 0 sessions for read:user,repo,user:email,workflow...
2025-12-21 17:55:58.573 [info] Getting sessions for user:email...
2025-12-21 17:55:58.573 [info] Got 1 sessions for user:email...
2025-12-21 17:55:58.587 [info] Getting sessions for read:user,repo,user:email,workflow...
2025-12-21 17:55:58.587 [info] Got 0 sessions for read:user,repo,user:email,workflow...
2025-12-21 17:55:58.663 [info] Getting sessions for all scopes...
2025-12-21 17:55:58.663 [info] Got 1 sessions for ...
2025-12-21 17:55:58.663 [info] Getting sessions for all scopes...
2025-12-21 17:55:58.663 [info] Got 1 sessions for ...
2025-12-21 17:55:58.666 [info] Getting sessions for read:user,repo,user:email,workflow...
2025-12-21 17:55:58.666 [info] Got 0 sessions for read:user,repo,user:email,workflow...
2025-12-21 17:55:58.668 [info] Getting sessions for user:email...
2025-12-21 17:55:58.668 [info] Got 1 sessions for user:email...
2025-12-21 17:55:58.668 [info] Getting sessions for read:user,repo,user:email,workflow...
2025-12-21 17:55:58.668 [info] Got 0 sessions for read:user,repo,user:email,workflow...
2025-12-21 17:55:59.113 [info] Getting sessions for all scopes...
2025-12-21 17:55:59.113 [info] Got 1 sessions for ...
2025-12-21 17:55:59.113 [info] Getting sessions for all scopes...
2025-12-21 17:55:59.113 [info] Got 1 sessions for ...
2025-12-21 17:55:59.152 [info] Getting sessions for read:user,repo,user:email,workflow...
2025-12-21 17:55:59.152 [info] Got 0 sessions for read:user,repo,user:email,workflow...
2025-12-21 17:55:59.153 [info] Getting sessions for user:email...
2025-12-21 17:55:59.153 [info] Got 1 sessions for user:email...
2025-12-21 17:55:59.153 [info] Getting sessions for read:user,repo,user:email,workflow...
2025-12-21 17:55:59.153 [info] Got 0 sessions for read:user,repo,user:email,workflow...
2025-12-21 17:55:59.198 [info] Getting sessions for all scopes...
2025-12-21 17:55:59.198 [info] Got 1 sessions for ...
2025-12-21 17:55:59.201 [info] Getting sessions for all scopes...
2025-12-21 17:55:59.201 [info] Got 1 sessions for ...
2025-12-21 17:55:59.201 [info] Getting sessions for all scopes...
2025-12-21 17:55:59.202 [info] Got 1 sessions for ...
2025-12-21 17:55:59.202 [info] Getting sessions for all scopes...
2025-12-21 17:55:59.202 [info] Got 1 sessions for ...
2025-12-21 17:55:59.203 [info] Getting sessions for read:user,repo,user:email,workflow...
2025-12-21 17:55:59.203 [info] Got 0 sessions for read:user,repo,user:email,workflow...
2025-12-21 17:55:59.204 [info] Getting sessions for user:email...
2025-12-21 17:55:59.204 [info] Got 1 sessions for user:email...
2025-12-21 17:55:59.204 [info] Getting sessions for read:user,repo,user:email,workflow...
2025-12-21 17:55:59.204 [info] Got 0 sessions for read:user,repo,user:email,workflow...
2025-12-21 17:56:00.155 [info] Getting sessions for read:user,repo,user:email...
2025-12-21 17:56:00.155 [info] Got 0 sessions for read:user,repo,user:email...
2025-12-21 17:56:05.488 [info] Getting sessions for all scopes...
2025-12-21 17:56:05.488 [info] Got 1 sessions for ...
2025-12-21 17:56:05.489 [info] Getting sessions for read:user,repo,user:email,workflow...
2025-12-21 17:56:05.489 [info] Got 0 sessions for read:user,repo,user:email,workflow...
2025-12-21 17:56:05.490 [info] Getting sessions for read:user,repo,user:email,workflow...
2025-12-21 17:56:05.490 [info] Got 0 sessions for read:user,repo,user:email,workflow...
2025-12-21 17:56:05.491 [info] Getting sessions for all scopes...
2025-12-21 17:56:05.491 [info] Got 1 sessions for ...
2025-12-21 17:56:05.492 [info] Getting sessions for read:user,repo,user:email,workflow...
2025-12-21 17:56:05.492 [info] Got 0 sessions for read:user,repo,user:email,workflow...
2025-12-21 17:56:05.493 [info] Getting sessions for user:email...
2025-12-21 17:56:05.493 [info] Got 1 sessions for user:email...
2025-12-21 17:58:01.946 [info] Reading sessions from keychain...
2025-12-21 17:58:01.946 [info] Getting sessions for all scopes...
2025-12-21 17:58:01.946 [info] Got stored sessions!
2025-12-21 17:58:01.946 [info] Got 1 verified sessions.
2025-12-21 17:58:01.946 [info] Got 1 sessions for ...
2025-12-21 17:58:01.946 [info] Getting sessions for all scopes...
2025-12-21 17:58:01.946 [info] Got 1 sessions for ...
2025-12-21 17:58:01.946 [info] Getting sessions for all scopes...
2025-12-21 17:58:01.946 [info] Got 1 sessions for ...
2025-12-21 17:58:01.946 [info] Getting sessions for all scopes...
2025-12-21 17:58:01.946 [info] Got 1 sessions for ...
2025-12-21 17:58:01.946 [info] Getting sessions for all scopes...
2025-12-21 17:58:01.946 [info] Got 1 sessions for ...
2025-12-21 17:58:01.946 [info] Getting sessions for all scopes...
2025-12-21 17:58:01.946 [info] Got 1 sessions for ...
2025-12-21 17:58:01.946 [info] Getting sessions for all scopes...
2025-12-21 17:58:01.946 [info] Got 1 sessions for ...
2025-12-21 17:58:01.946 [info] Getting sessions for all scopes...
2025-12-21 17:58:01.946 [info] Got 1 sessions for ...
2025-12-21 17:58:01.946 [info] Getting sessions for all scopes...
2025-12-21 17:58:01.946 [info] Got 1 sessions for ...
2025-12-21 17:58:01.946 [info] Getting sessions for all scopes...
2025-12-21 17:58:01.946 [info] Got 1 sessions for ...
2025-12-21 17:58:01.946 [info] Getting sessions for all scopes...
2025-12-21 17:58:01.946 [info] Got 1 sessions for ...
2025-12-21 17:58:01.946 [info] Getting sessions for all scopes...
2025-12-21 17:58:01.946 [info] Got 1 sessions for ...
2025-12-21 17:58:01.946 [info] Getting sessions for all scopes...
2025-12-21 17:58:01.946 [info] Got 1 sessions for ...
2025-12-21 17:58:01.953 [info] Getting sessions for all scopes...
2025-12-21 17:58:01.953 [info] Got 1 sessions for ...
2025-12-21 17:58:02.449 [info] Getting sessions for all scopes...
2025-12-21 17:58:02.449 [info] Got 1 sessions for ...
2025-12-21 17:58:02.547 [info] Getting sessions for user:email...
2025-12-21 17:58:02.547 [info] Got 1 sessions for user:email...
2025-12-21 17:58:02.933 [info] Getting sessions for read:user,repo,user:email...
2025-12-21 17:58:02.933 [info] Got 0 sessions for read:user,repo,user:email...
2025-12-21 17:58:03.268 [info] Getting sessions for read:user,repo,user:email,workflow...
2025-12-21 17:58:03.268 [info] Got 0 sessions for read:user,repo,user:email,workflow...
2025-12-21 17:58:03.283 [info] FetcherService: Electron fetch failed with status: 429 
2025-12-21 17:58:03.652 [info] FetcherService: Node fetch failed with status: 429 Too Many Requests
2025-12-21 17:58:03.667 [info] Getting sessions for all scopes...
2025-12-21 17:58:03.667 [info] Got 1 sessions for ...
2025-12-21 17:58:03.990 [info] FetcherService: Node http/s failed with status: 429 Too Many Requests
2025-12-21 17:58:05.533 [info] Getting sessions for read:user,repo,user:email...
2025-12-21 17:58:05.533 [info] Got 0 sessions for read:user,repo,user:email...
2025-12-21 17:58:05.692 [info] Getting sessions for all scopes...
2025-12-21 17:58:05.692 [info] Got 1 sessions for ...
2025-12-21 17:58:05.692 [info] Getting sessions for all scopes...
2025-12-21 17:58:05.692 [info] Got 1 sessions for ...
2025-12-21 17:58:05.902 [info] Getting sessions for all scopes...
2025-12-21 17:58:05.902 [info] Got 1 sessions for ...
2025-12-21 17:58:05.912 [info] Getting sessions for read:user,repo,user:email,workflow...
2025-12-21 17:58:05.912 [info] Got 0 sessions for read:user,repo,user:email,workflow...
2025-12-21 17:58:05.949 [info] Getting sessions for user:email...
2025-12-21 17:58:05.949 [info] Got 1 sessions for user:email...
2025-12-21 17:58:05.949 [info] Getting sessions for read:user,repo,user:email,workflow...
2025-12-21 17:58:05.949 [info] Got 0 sessions for read:user,repo,user:email,workflow...
2025-12-21 17:58:06.002 [info] Getting sessions for user:email...
2025-12-21 17:58:06.002 [info] Got 1 sessions for user:email...
2025-12-21 17:58:06.095 [info] Getting sessions for read:user,repo,user:email,workflow...
2025-12-21 17:58:06.095 [info] Got 0 sessions for read:user,repo,user:email,workflow...
2025-12-21 17:58:06.108 [info] Getting sessions for all scopes...
2025-12-21 17:58:06.108 [info] Got 1 sessions for ...
2025-12-21 17:58:06.184 [info] Getting sessions for read:user,repo,user:email,workflow...
2025-12-21 17:58:06.184 [info] Got 0 sessions for read:user,repo,user:email,workflow...
2025-12-21 17:58:06.197 [info] Getting sessions for read:user,repo,user:email,workflow...
2025-12-21 17:58:06.197 [info] Got 0 sessions for read:user,repo,user:email,workflow...
2025-12-21 17:58:06.730 [info] Getting sessions for read:user,repo,user:email...
2025-12-21 17:58:06.730 [info] Got 0 sessions for read:user,repo,user:email...
2025-12-21 17:58:06.730 [info] Getting sessions for all scopes...
2025-12-21 17:58:06.730 [info] Got 1 sessions for ...
2025-12-21 17:58:06.731 [info] Getting sessions for all scopes...
2025-12-21 17:58:06.731 [info] Got 1 sessions for ...
2025-12-21 17:58:06.748 [info] Getting sessions for read:user,repo,user:email,workflow...
2025-12-21 17:58:06.748 [info] Got 0 sessions for read:user,repo,user:email,workflow...
2025-12-21 17:58:06.756 [info] Getting sessions for user:email...
2025-12-21 17:58:06.756 [info] Got 1 sessions for user:email...
2025-12-21 17:58:06.768 [info] Getting sessions for read:user,repo,user:email,workflow...
2025-12-21 17:58:06.768 [info] Got 0 sessions for read:user,repo,user:email,workflow...
2025-12-21 17:58:06.870 [info] Getting sessions for all scopes...
2025-12-21 17:58:06.870 [info] Got 1 sessions for ...
2025-12-21 17:58:06.880 [info] Getting sessions for all scopes...
2025-12-21 17:58:06.880 [info] Got 1 sessions for ...
2025-12-21 17:58:06.881 [info] Getting sessions for all scopes...
2025-12-21 17:58:06.881 [info] Got 1 sessions for ...
2025-12-21 17:58:06.881 [info] Getting sessions for all scopes...
2025-12-21 17:58:06.881 [info] Got 1 sessions for ...
2025-12-21 17:58:06.928 [info] Getting sessions for read:user,repo,user:email,workflow...
2025-12-21 17:58:06.928 [info] Got 0 sessions for read:user,repo,user:email,workflow...
2025-12-21 17:58:06.936 [info] Getting sessions for user:email...
2025-12-21 17:58:06.936 [info] Got 1 sessions for user:email...
2025-12-21 17:58:06.936 [info] Getting sessions for read:user,repo,user:email,workflow...
2025-12-21 17:58:06.936 [info] Got 0 sessions for read:user,repo,user:email,workflow...
2025-12-21 17:58:06.940 [info] Getting sessions for all scopes...
2025-12-21 17:58:06.940 [info] Got 1 sessions for ...
2025-12-21 17:58:06.940 [info] Getting sessions for read:user,repo,user:email,workflow...
2025-12-21 17:58:06.940 [info] Got 0 sessions for read:user,repo,user:email,workflow...
2025-12-21 17:58:06.941 [info] Getting sessions for user:email...
2025-12-21 17:58:06.941 [info] Got 1 sessions for user:email...
