2025-12-21 17:54:45.478 [info] [getSessions] [all] starting
2025-12-21 17:54:45.478 [info] [getSessions] [all] returned 0 session(s)
2025-12-21 17:54:45.478 [info] [getSessions] [all] starting
2025-12-21 17:54:45.478 [info] [getSessions] [all] returned 0 session(s)
2025-12-21 17:54:45.478 [info] [getSessions] [all] starting
2025-12-21 17:54:45.478 [info] [getSessions] [all] returned 0 session(s)
2025-12-21 17:54:45.479 [info] [getSessions] [email offline_access openid profile] starting
2025-12-21 17:54:45.479 [info] [aebc6443-996d-45c2-90f0-388ff96faa56] Native Broker enabled: false
2025-12-21 17:54:50.935 [info] [getSessions] [email offline_access openid profile] returned 0 session(s)
2025-12-21 17:55:58.228 [info] [getSessions] [499b84ac-1321-427f-aa17-267ca6975798/.default offline_access] starting
2025-12-21 17:55:58.228 [info] [getSessions] [499b84ac-1321-427f-aa17-267ca6975798/.default offline_access] returned 0 session(s)
2025-12-21 17:55:59.114 [info] [getSessions] [499b84ac-1321-427f-aa17-267ca6975798/.default offline_access] starting
2025-12-21 17:55:59.114 [info] [getSessions] [499b84ac-1321-427f-aa17-267ca6975798/.default offline_access] returned 0 session(s)
2025-12-21 17:58:00.614 [info] Microsoft Authentication is deactivating...
2025-12-21 17:58:05.943 [info] [aebc6443-996d-45c2-90f0-388ff96faa56] Native Broker enabled: false
2025-12-21 17:58:06.002 [info] [getSessions] [all] starting
2025-12-21 17:58:06.002 [info] [getSessions] [all] returned 0 session(s)
2025-12-21 17:58:06.003 [info] [getSessions] [all] starting
2025-12-21 17:58:06.003 [info] [getSessions] [all] returned 0 session(s)
2025-12-21 17:58:06.003 [info] [getSessions] [all] starting
2025-12-21 17:58:06.003 [info] [getSessions] [all] returned 0 session(s)
2025-12-21 17:58:06.005 [info] [getSessions] [499b84ac-1321-427f-aa17-267ca6975798/.default offline_access] starting
2025-12-21 17:58:06.005 [info] [aebc6443-996d-45c2-90f0-388ff96faa56] Native Broker enabled: false
2025-12-21 17:58:06.041 [info] [getSessions] [499b84ac-1321-427f-aa17-267ca6975798/.default offline_access] returned 0 session(s)
2025-12-21 17:58:06.731 [info] [getSessions] [499b84ac-1321-427f-aa17-267ca6975798/.default offline_access] starting
2025-12-21 17:58:06.731 [info] [getSessions] [499b84ac-1321-427f-aa17-267ca6975798/.default offline_access] returned 0 session(s)
2025-12-21 17:59:41.071 [info] Microsoft Authentication is deactivating...
