[2025-Dec-20 18:20:54.865 +01:00][24947:24947][info ] Logging initialized
[2025-Dec-20 18:20:54.865 +01:00][24947:24947][info ] Initializing krisp SDK...
[2025-Dec-20 18:20:54.865 +01:00][24947:24947][info ] DoKrispInitialize
[2025-Dec-20 18:20:55.161 +01:00][24947:24947][warning] Application not signed by Discord, Krisp is not enabled
[2025-Dec-20 18:20:55.161 +01:00][24947:24947][warning] Failed to setup Krisp module, error code: -3
[2025-Dec-20 18:20:55.161 +01:00][24947:24947][info ] Krisp SDK initialized
[2025-Dec-20 18:40:04.398 +01:00][ 9410: 9410][info ] Logging initialized
[2025-Dec-20 18:40:04.398 +01:00][ 9410: 9410][info ] Initializing krisp SDK...
[2025-Dec-20 18:40:04.398 +01:00][ 9410: 9410][info ] DoKrispInitialize
[2025-Dec-20 18:40:04.733 +01:00][ 9410: 9410][warning] Application not signed by Discord, Krisp is not enabled
[2025-Dec-20 18:40:04.733 +01:00][ 9410: 9410][warning] Failed to setup Krisp module, error code: -3
[2025-Dec-20 18:40:04.733 +01:00][ 9410: 9410][info ] Krisp SDK initialized
[2025-Dec-20 18:49:48.519 +01:00][ 2772: 2772][info ] Logging initialized
[2025-Dec-20 18:49:48.519 +01:00][ 2772: 2772][info ] Initializing krisp SDK...
[2025-Dec-20 18:49:48.519 +01:00][ 2772: 2772][info ] DoKrispInitialize
[2025-Dec-20 18:49:48.854 +01:00][ 2772: 2772][warning] Application not signed by Discord, Krisp is not enabled
[2025-Dec-20 18:49:48.854 +01:00][ 2772: 2772][warning] Failed to setup Krisp module, error code: -3
[2025-Dec-20 18:49:48.854 +01:00][ 2772: 2772][info ] Krisp SDK initialized
[2025-Dec-20 19:45:56.617 +01:00][14082:14082][info ] Logging initialized
[2025-Dec-20 19:45:56.617 +01:00][14082:14082][info ] Initializing krisp SDK...
[2025-Dec-20 19:45:56.617 +01:00][14082:14082][info ] DoKrispInitialize
[2025-Dec-20 19:45:56.914 +01:00][14082:14082][warning] Application not signed by Discord, Krisp is not enabled
[2025-Dec-20 19:45:56.914 +01:00][14082:14082][warning] Failed to setup Krisp module, error code: -3
[2025-Dec-20 19:45:56.914 +01:00][14082:14082][info ] Krisp SDK initialized
[2025-Dec-20 22:22:06.231 +01:00][ 4072: 4072][info ] Logging initialized
[2025-Dec-20 22:22:06.231 +01:00][ 4072: 4072][info ] Initializing krisp SDK...
[2025-Dec-20 22:22:06.231 +01:00][ 4072: 4072][info ] DoKrispInitialize
[2025-Dec-20 22:22:06.724 +01:00][ 4072: 4072][warning] Application not signed by Discord, Krisp is not enabled
[2025-Dec-20 22:22:06.724 +01:00][ 4072: 4072][warning] Failed to setup Krisp module, error code: -3
[2025-Dec-20 22:22:06.724 +01:00][ 4072: 4072][info ] Krisp SDK initialized
[2025-Dec-20 22:25:08.475 +01:00][ 8786: 8786][info ] Logging initialized
[2025-Dec-20 22:25:08.475 +01:00][ 8786: 8786][info ] Initializing krisp SDK...
[2025-Dec-20 22:25:08.475 +01:00][ 8786: 8786][info ] DoKrispInitialize
[2025-Dec-20 22:25:08.925 +01:00][ 8786: 8786][warning] Application not signed by Discord, Krisp is not enabled
[2025-Dec-20 22:25:08.925 +01:00][ 8786: 8786][warning] Failed to setup Krisp module, error code: -3
[2025-Dec-20 22:25:08.925 +01:00][ 8786: 8786][info ] Krisp SDK initialized
[2025-Dec-20 22:57:53.475 +01:00][ 4741: 4741][info ] Logging initialized
[2025-Dec-20 22:57:53.475 +01:00][ 4741: 4741][info ] Initializing krisp SDK...
[2025-Dec-20 22:57:53.475 +01:00][ 4741: 4741][info ] DoKrispInitialize
[2025-Dec-20 22:57:53.970 +01:00][ 4741: 4741][warning] Application not signed by Discord, Krisp is not enabled
[2025-Dec-20 22:57:53.970 +01:00][ 4741: 4741][warning] Failed to setup Krisp module, error code: -3
[2025-Dec-20 22:57:53.970 +01:00][ 4741: 4741][info ] Krisp SDK initialized
[2025-Dec-20 23:57:15.829 +01:00][23657:23657][info ] Logging initialized
[2025-Dec-20 23:57:15.829 +01:00][23657:23657][info ] Initializing krisp SDK...
[2025-Dec-20 23:57:15.829 +01:00][23657:23657][info ] DoKrispInitialize
[2025-Dec-20 23:57:16.278 +01:00][23657:23657][warning] Application not signed by Discord, Krisp is not enabled
[2025-Dec-20 23:57:16.278 +01:00][23657:23657][warning] Failed to setup Krisp module, error code: -3
[2025-Dec-20 23:57:16.278 +01:00][23657:23657][info ] Krisp SDK initialized
[2025-Dec-21 00:33:40.942 +01:00][74103:74103][info ] Logging initialized
[2025-Dec-21 00:33:40.943 +01:00][74103:74103][info ] Initializing krisp SDK...
[2025-Dec-21 00:33:40.943 +01:00][74103:74103][info ] DoKrispInitialize
[2025-Dec-21 00:33:41.389 +01:00][74103:74103][warning] Application not signed by Discord, Krisp is not enabled
[2025-Dec-21 00:33:41.389 +01:00][74103:74103][warning] Failed to setup Krisp module, error code: -3
[2025-Dec-21 00:33:41.389 +01:00][74103:74103][info ] Krisp SDK initialized
[2025-Dec-21 00:33:44.126 +01:00][74103:74103][info ] Logging initialized
[2025-Dec-21 00:33:44.126 +01:00][74103:74103][info ] Initializing krisp SDK...
[2025-Dec-21 00:33:44.126 +01:00][74103:74103][warning] Failed to setup Krisp module, error code: -3
[2025-Dec-21 00:33:44.126 +01:00][74103:74103][info ] Krisp SDK initialized
[2025-Dec-21 00:42:41.329 +01:00][ 8073: 8073][info ] Logging initialized
[2025-Dec-21 00:42:41.329 +01:00][ 8073: 8073][info ] Initializing krisp SDK...
[2025-Dec-21 00:42:41.329 +01:00][ 8073: 8073][info ] DoKrispInitialize
[2025-Dec-21 00:42:41.823 +01:00][ 8073: 8073][warning] Application not signed by Discord, Krisp is not enabled
[2025-Dec-21 00:42:41.823 +01:00][ 8073: 8073][warning] Failed to setup Krisp module, error code: -3
[2025-Dec-21 00:42:41.823 +01:00][ 8073: 8073][info ] Krisp SDK initialized
[2025-Dec-21 13:15:28.576 +01:00][ 4770: 4770][info ] Logging initialized
[2025-Dec-21 13:15:28.576 +01:00][ 4770: 4770][info ] Initializing krisp SDK...
[2025-Dec-21 13:15:28.576 +01:00][ 4770: 4770][info ] DoKrispInitialize
[2025-Dec-21 13:15:28.958 +01:00][ 4770: 4770][warning] Application not signed by Discord, Krisp is not enabled
[2025-Dec-21 13:15:28.958 +01:00][ 4770: 4770][warning] Failed to setup Krisp module, error code: -3
[2025-Dec-21 13:15:28.958 +01:00][ 4770: 4770][info ] Krisp SDK initialized
[2025-Dec-21 18:02:38.452 +01:00][ 7346: 7346][info ] Logging initialized
[2025-Dec-21 18:02:38.452 +01:00][ 7346: 7346][info ] Initializing krisp SDK...
[2025-Dec-21 18:02:38.452 +01:00][ 7346: 7346][info ] DoKrispInitialize
[2025-Dec-21 18:02:38.808 +01:00][ 7346: 7346][warning] Application not signed by Discord, Krisp is not enabled
[2025-Dec-21 18:02:38.808 +01:00][ 7346: 7346][warning] Failed to setup Krisp module, error code: -3
[2025-Dec-21 18:02:38.808 +01:00][ 7346: 7346][info ] Krisp SDK initialized
[2025-Dec-24 11:01:02.092 +01:00][ 3153: 3153][info ] Logging initialized
[2025-Dec-24 11:01:02.092 +01:00][ 3153: 3153][info ] Initializing krisp SDK...
[2025-Dec-24 11:01:02.092 +01:00][ 3153: 3153][info ] DoKrispInitialize
[2025-Dec-24 11:01:02.617 +01:00][ 3153: 3153][warning] Application not signed by Discord, Krisp is not enabled
[2025-Dec-24 11:01:02.617 +01:00][ 3153: 3153][warning] Failed to setup Krisp module, error code: -3
[2025-Dec-24 11:01:02.618 +01:00][ 3153: 3153][info ] Krisp SDK initialized
[2025-Dec-28 11:13:44.736 +01:00][ 8395: 8395][info ] Logging initialized
[2025-Dec-28 11:13:44.736 +01:00][ 8395: 8395][info ] Initializing krisp SDK...
[2025-Dec-28 11:13:44.736 +01:00][ 8395: 8395][info ] DoKrispInitialize
[2025-Dec-28 11:13:45.092 +01:00][ 8395: 8395][warning] Application not signed by Discord, Krisp is not enabled
[2025-Dec-28 11:13:45.092 +01:00][ 8395: 8395][warning] Failed to setup Krisp module, error code: -3
[2025-Dec-28 11:13:45.092 +01:00][ 8395: 8395][info ] Krisp SDK initialized
