2025-12-21 17:54:30.766 [info] [main] Log level: Info
2025-12-21 17:54:30.766 [info] [main] Validating found git in: "git"
2025-12-21 17:54:30.766 [info] [main] Using git "2.51.2" from "git"
2025-12-21 17:54:30.766 [info] [Model][doInitialScan] Initial repository scan started
2025-12-21 17:54:30.766 [info] [Model][doInitialScan] Initial repository scan completed - repositories (0), closed repositories (0), parent repositories (0), unsafe repositories (0)
2025-12-21 17:58:05.902 [info] [main] Log level: Info
2025-12-21 17:58:05.902 [info] [main] Validating found git in: "git"
2025-12-21 17:58:05.902 [info] [main] Using git "2.51.2" from "git"
2025-12-21 17:58:05.902 [info] [Model][doInitialScan] Initial repository scan started
2025-12-21 17:58:05.902 [info] > git rev-parse --show-toplevel [79ms]
2025-12-21 17:58:05.915 [info] > git rev-parse --git-dir --git-common-dir --show-superproject-working-tree [4ms]
2025-12-21 17:58:05.923 [info] [Model][openRepository] Opened repository (path): /home/aria/code/rust/rudocx
2025-12-21 17:58:05.923 [info] [Model][openRepository] Opened repository (real path): /home/aria/code/rust/rudocx
2025-12-21 17:58:05.923 [info] [Model][openRepository] Opened repository (kind): repository
2025-12-21 17:58:05.946 [info] > git rev-parse --show-toplevel [4ms]
2025-12-21 17:58:05.947 [info] [Model][doInitialScan] Initial repository scan completed - repositories (1), closed repositories (0), parent repositories (0), unsafe repositories (0)
2025-12-21 17:58:05.948 [info] > git config --get commit.template [15ms]
2025-12-21 17:58:06.004 [info] > git for-each-ref --format=%(refname)%00%(upstream:short)%00%(objectname)%00%(upstream:track)%00%(upstream:remotename)%00%(upstream:remoteref) refs/heads/master refs/remotes/master [10ms]
2025-12-21 17:58:06.015 [warning] [Git][revParse] Unable to read file: ENOENT: no such file or directory, open '/home/aria/code/rust/rudocx/.git/refs/remotes/origin/master'
2025-12-21 17:58:06.016 [info] > git rev-parse refs/remotes/origin/master [2ms]
2025-12-21 17:58:06.040 [info] > git status -z -uall [13ms]
2025-12-21 17:58:06.042 [info] > git for-each-ref --sort -committerdate --format %(refname)%00%(objectname)%00%(*objectname) [4ms]
2025-12-21 17:58:06.072 [info] > git for-each-ref --format=%(refname)%00%(upstream:short)%00%(objectname)%00%(upstream:track)%00%(upstream:remotename)%00%(upstream:remoteref) refs/heads/master refs/remotes/master [15ms]
2025-12-21 17:58:06.084 [info] > git config --get --local branch.master.vscode-merge-base [3ms]
2025-12-21 17:58:06.084 [warning] [Git][config] git config failed: Failed to execute git
2025-12-21 17:58:06.094 [info] > git config --get commit.template [23ms]
2025-12-21 17:58:06.109 [info] > git for-each-ref --format=%(refname)%00%(upstream:short)%00%(objectname)%00%(upstream:track)%00%(upstream:remotename)%00%(upstream:remoteref) refs/heads/master refs/remotes/master [2ms]
2025-12-21 17:58:06.110 [info] > git reflog master --grep-reflog=branch: Created from *. [17ms]
2025-12-21 17:58:06.137 [warning] [Git][revParse] Unable to read file: ENOENT: no such file or directory, open '/home/aria/code/rust/rudocx/.git/refs/remotes/origin/master'
2025-12-21 17:58:06.140 [info] > git rev-parse refs/remotes/origin/master [4ms]
2025-12-21 17:58:06.161 [info] > git symbolic-ref --short refs/remotes/origin/HEAD [37ms]
2025-12-21 17:58:06.171 [info] > git status -z -uall [18ms]
2025-12-21 17:58:06.171 [info] > git for-each-ref --sort -committerdate --format %(refname)%00%(objectname)%00%(*objectname) [10ms]
2025-12-21 17:58:06.174 [info] > git for-each-ref --format=%(refname)%00%(upstream:short)%00%(objectname)%00%(upstream:track)%00%(upstream:remotename)%00%(upstream:remoteref) refs/heads/origin/master refs/remotes/origin/master [5ms]
2025-12-21 17:58:06.185 [info] > git config --add --local branch.master.vscode-merge-base origin/master [2ms]
2025-12-21 17:58:06.196 [info] > git config --get commit.template [1ms]
2025-12-21 17:58:06.208 [info] > git for-each-ref --format=%(refname)%00%(upstream:short)%00%(objectname)%00%(upstream:track)%00%(upstream:remotename)%00%(upstream:remoteref) refs/heads/master refs/remotes/master [2ms]
2025-12-21 17:58:06.218 [warning] [Git][revParse] Unable to read file: ENOENT: no such file or directory, open '/home/aria/code/rust/rudocx/.git/refs/remotes/origin/master'
2025-12-21 17:58:06.374 [info] > git rev-parse refs/remotes/origin/master [156ms]
2025-12-21 17:58:06.400 [info] > git status -z -uall [17ms]
2025-12-21 17:58:06.400 [info] > git for-each-ref --sort -committerdate --format %(refname)%00%(objectname)%00%(*objectname) [8ms]
2025-12-21 17:58:06.629 [info] > git merge-base refs/heads/master refs/remotes/origin/master [209ms]
2025-12-21 17:58:06.639 [info] > git merge-base refs/heads/master refs/remotes/origin/master [228ms]
2025-12-21 17:58:06.691 [info] > git diff --name-status -z --diff-filter=ADMR --find-renames=50% 31b4d19c0a5b1426344fdd0356f7a1a34138f9d2...refs/remotes/origin/master -- [42ms]
2025-12-21 17:58:06.691 [info] > git diff --name-status -z --diff-filter=ADMR --find-renames=50% 31b4d19c0a5b1426344fdd0356f7a1a34138f9d2...refs/remotes/origin/master -- [52ms]
2025-12-21 17:58:06.870 [info] > git config --get commit.template [11ms]
2025-12-21 17:58:06.892 [info] > git for-each-ref --format=%(refname)%00%(upstream:short)%00%(objectname)%00%(upstream:track)%00%(upstream:remotename)%00%(upstream:remoteref) refs/heads/master refs/remotes/master [1ms]
2025-12-21 17:58:06.904 [warning] [Git][revParse] Unable to read file: ENOENT: no such file or directory, open '/home/aria/code/rust/rudocx/.git/refs/remotes/origin/master'
2025-12-21 17:58:06.908 [info] > git rev-parse refs/remotes/origin/master [4ms]
2025-12-21 17:58:06.929 [info] > git status -z -uall [11ms]
2025-12-21 17:58:06.930 [info] > git for-each-ref --sort -committerdate --format %(refname)%00%(objectname)%00%(*objectname) [3ms]
2025-12-21 17:58:25.432 [info] > git check-ignore -v -z --stdin [2ms]
2025-12-21 17:58:27.545 [info] > git check-ignore -v -z --stdin [1ms]
2025-12-21 17:58:28.782 [info] > git show --textconv :src/lib.rs [12ms]
2025-12-21 17:58:28.783 [info] > git ls-files --stage -- src/lib.rs [1ms]
2025-12-21 17:58:28.794 [info] > git cat-file -s a9db9de9e16547fd4ec7ba9f3d91ec9995a38480 [1ms]
2025-12-21 17:58:31.684 [info] > git check-ignore -v -z --stdin [2ms]
2025-12-21 17:58:32.542 [info] > git show --textconv :src/errors/mod.rs [11ms]
2025-12-21 17:58:32.542 [info] > git ls-files --stage -- src/errors/mod.rs [1ms]
2025-12-21 17:58:32.552 [info] > git cat-file -s 07f79136c4abe4a4177d0d91ad315fbe2a65588a [2ms]
