2025-12-24 11:24:19.782 [info] read schema from vscode: vscode://schemas/settings/user
2025-12-24 11:24:20.191 [info] read schema from vscode: vscode://schemas/settings/resourceLanguage
2025-12-24 11:24:20.206 [info] read schema from vscode: vscode://schemas/ignoredSettings
2025-12-24 11:24:20.207 [info] read schema from vscode: vscode://schemas/launch
2025-12-24 11:24:20.207 [info] read schema from vscode: vscode://schemas/token-styling
2025-12-24 11:24:20.207 [info] read schema from vscode: vscode://schemas/textmate-colors
2025-12-24 11:24:20.208 [info] read schema from vscode: vscode://schemas/workbench-colors
2025-12-24 11:24:20.556 [info] cancelled
2025-12-24 11:24:20.557 [info] cancelled
2025-12-24 11:24:20.557 [info] cancelled
2025-12-24 11:24:21.304 [info] schema change detected vscode://schemas/settings/user
2025-12-24 11:24:21.309 [info] read schema from vscode: vscode://schemas/settings/user
2025-12-24 11:24:25.388 [info] schema change detected vscode://schemas/launch
2025-12-24 11:24:25.390 [info] read schema from vscode: vscode://schemas/settings/user
2025-12-24 11:24:25.562 [info] read schema from vscode: vscode://schemas/launch
2025-12-24 11:25:05.083 [info] schema change detected vscode://schemas/settings/resourceLanguage
2025-12-24 11:25:05.085 [info] read schema from vscode: vscode://schemas/settings/user
2025-12-24 11:25:05.118 [info] schema change detected vscode://schemas/ignoredSettings
2025-12-24 11:25:05.301 [info] read schema from vscode: vscode://schemas/settings/resourceLanguage
2025-12-24 11:25:05.301 [info] read schema from vscode: vscode://schemas/ignoredSettings
2025-12-24 11:25:05.303 [info] schema change detected vscode://schemas/settings/user
2025-12-24 11:25:05.537 [info] cancelled
2025-12-24 11:25:05.538 [info] read schema from vscode: vscode://schemas/settings/user
2025-12-24 11:25:05.901 [info] schema change detected vscode://schemas/settings/user
2025-12-24 11:25:05.972 [info] read schema from vscode: vscode://schemas/settings/user
2025-12-24 11:25:08.302 [info] schema change detected vscode://schemas/settings/user
