2025-12-24 11:19:09.858 [info] [main] Log level: Info
2025-12-24 11:19:09.858 [info] [main] Validating found git in: "git"
2025-12-24 11:19:09.858 [info] [main] Using git "2.51.2" from "git"
2025-12-24 11:19:09.858 [info] [Model][doInitialScan] Initial repository scan started
2025-12-24 11:19:09.858 [info] > git rev-parse --show-toplevel [8ms]
2025-12-24 11:19:09.858 [info] > git rev-parse --git-dir --git-common-dir --show-superproject-working-tree [4ms]
2025-12-24 11:19:09.858 [info] [Model][openRepository] Opened repository (path): /home/aria/code/rust/rudocx
2025-12-24 11:19:09.858 [info] [Model][openRepository] Opened repository (real path): /home/aria/code/rust/rudocx
2025-12-24 11:19:09.858 [info] [Model][openRepository] Opened repository (kind): repository
2025-12-24 11:19:09.858 [info] > git rev-parse --show-toplevel [30ms]
2025-12-24 11:19:09.858 [info] > git config --get commit.template [41ms]
2025-12-24 11:19:09.864 [info] > git rev-parse --show-toplevel [22ms]
2025-12-24 11:19:09.867 [info] [Model][doInitialScan] Initial repository scan completed - repositories (1), closed repositories (0), parent repositories (0), unsafe repositories (0)
2025-12-24 11:19:09.871 [info] > git for-each-ref --format=%(refname)%00%(upstream:short)%00%(objectname)%00%(upstream:track)%00%(upstream:remotename)%00%(upstream:remoteref) refs/heads/master refs/remotes/master [14ms]
2025-12-24 11:19:09.896 [info] > git status -z -uall [12ms]
2025-12-24 11:19:10.168 [info] > git for-each-ref --sort -committerdate --format %(refname)%00%(objectname)%00%(*objectname) [273ms]
2025-12-24 11:19:10.238 [info] > git for-each-ref --format=%(refname)%00%(upstream:short)%00%(objectname)%00%(upstream:track)%00%(upstream:remotename)%00%(upstream:remoteref) refs/heads/master refs/remotes/master [44ms]
2025-12-24 11:19:10.264 [info] > git config --get --local branch.master.vscode-merge-base [16ms]
2025-12-24 11:19:10.275 [info] > git config --get commit.template [39ms]
2025-12-24 11:19:10.312 [info] > git for-each-ref --format=%(refname)%00%(upstream:short)%00%(objectname)%00%(upstream:track)%00%(upstream:remotename)%00%(upstream:remoteref) refs/heads/origin/master refs/remotes/origin/master [38ms]
2025-12-24 11:19:10.368 [info] > git merge-base refs/heads/master refs/remotes/origin/master [45ms]
2025-12-24 11:19:10.435 [info] > git check-ignore -v -z --stdin [46ms]
2025-12-24 11:19:10.435 [info] > git show --textconv :src/errors/mod.rs [34ms]
2025-12-24 11:19:10.437 [info] > git ls-files --stage -- src/errors/mod.rs [25ms]
2025-12-24 11:19:10.448 [info] > git diff --name-status -z --diff-filter=ADMR --find-renames=50% 824f1bfc6ffd8cb14a86668516146cd3fe928e83...refs/remotes/origin/master -- [69ms]
2025-12-24 11:19:10.449 [info] > git for-each-ref --format=%(refname)%00%(upstream:short)%00%(objectname)%00%(upstream:track)%00%(upstream:remotename)%00%(upstream:remoteref) refs/heads/master refs/remotes/master [109ms]
2025-12-24 11:19:10.456 [info] > git cat-file -s 07f79136c4abe4a4177d0d91ad315fbe2a65588a [9ms]
2025-12-24 11:19:11.759 [info] > git status -z -uall [28ms]
2025-12-24 11:19:11.776 [info] > git for-each-ref --sort -committerdate --format %(refname)%00%(objectname)%00%(*objectname) [34ms]
2025-12-24 11:19:13.100 [info] > git config --get commit.template [16ms]
2025-12-24 11:19:13.145 [info] > git for-each-ref --format=%(refname)%00%(upstream:short)%00%(objectname)%00%(upstream:track)%00%(upstream:remotename)%00%(upstream:remoteref) refs/heads/master refs/remotes/master [3ms]
2025-12-24 11:19:13.215 [info] > git status -z -uall [19ms]
2025-12-24 11:19:13.215 [info] > git for-each-ref --sort -committerdate --format %(refname)%00%(objectname)%00%(*objectname) [5ms]
2025-12-24 11:19:16.869 [info] > git config --get commit.template [16ms]
2025-12-24 11:19:16.870 [info] > git check-ignore -v -z --stdin [2ms]
2025-12-24 11:19:16.888 [info] > git for-each-ref --format=%(refname)%00%(upstream:short)%00%(objectname)%00%(upstream:track)%00%(upstream:remotename)%00%(upstream:remoteref) refs/heads/master refs/remotes/master [2ms]
2025-12-24 11:19:16.915 [info] > git status -z -uall [14ms]
2025-12-24 11:19:16.917 [info] > git for-each-ref --sort -committerdate --format %(refname)%00%(objectname)%00%(*objectname) [3ms]
2025-12-24 11:19:24.740 [info] > git config --get commit.template [10ms]
2025-12-24 11:19:24.741 [info] > git for-each-ref --format=%(refname)%00%(upstream:short)%00%(objectname)%00%(upstream:track)%00%(upstream:remotename)%00%(upstream:remoteref) refs/heads/master refs/remotes/master [2ms]
2025-12-24 11:19:24.759 [info] > git status -z -uall [9ms]
2025-12-24 11:19:24.760 [info] > git for-each-ref --sort -committerdate --format %(refname)%00%(objectname)%00%(*objectname) [1ms]
2025-12-24 11:19:29.792 [info] > git config --get commit.template [12ms]
2025-12-24 11:19:29.793 [info] > git for-each-ref --format=%(refname)%00%(upstream:short)%00%(objectname)%00%(upstream:track)%00%(upstream:remotename)%00%(upstream:remoteref) refs/heads/master refs/remotes/master [2ms]
2025-12-24 11:19:29.818 [info] > git status -z -uall [12ms]
2025-12-24 11:19:29.819 [info] > git for-each-ref --sort -committerdate --format %(refname)%00%(objectname)%00%(*objectname) [2ms]
2025-12-24 11:20:07.109 [info] > git blame --root --incremental 824f1bfc6ffd8cb14a86668516146cd3fe928e83 -- src/errors/mod.rs [3ms]
2025-12-24 11:20:23.099 [info] > git config --get commit.template [2ms]
2025-12-24 11:20:23.117 [info] > git for-each-ref --format=%(refname)%00%(upstream:short)%00%(objectname)%00%(upstream:track)%00%(upstream:remotename)%00%(upstream:remoteref) refs/heads/master refs/remotes/master [3ms]
2025-12-24 11:20:23.146 [info] > git status -z -uall [16ms]
2025-12-24 11:20:23.147 [info] > git for-each-ref --sort -committerdate --format %(refname)%00%(objectname)%00%(*objectname) [2ms]
2025-12-24 11:21:31.385 [info] > git show --textconv :src/errors/mod.rs [15ms]
2025-12-24 11:21:31.386 [info] > git ls-files --stage -- src/errors/mod.rs [2ms]
2025-12-24 11:21:31.401 [info] > git cat-file -s 07f79136c4abe4a4177d0d91ad315fbe2a65588a [2ms]
2025-12-24 11:21:37.709 [info] > git config --get commit.template [12ms]
2025-12-24 11:21:37.710 [info] > git for-each-ref --format=%(refname)%00%(upstream:short)%00%(objectname)%00%(upstream:track)%00%(upstream:remotename)%00%(upstream:remoteref) refs/heads/master refs/remotes/master [2ms]
2025-12-24 11:21:37.736 [info] > git status -z -uall [14ms]
2025-12-24 11:21:37.736 [info] > git for-each-ref --sort -committerdate --format %(refname)%00%(objectname)%00%(*objectname) [3ms]
2025-12-24 11:21:42.980 [info] > git config --get commit.template [13ms]
2025-12-24 11:21:42.981 [info] > git for-each-ref --format=%(refname)%00%(upstream:short)%00%(objectname)%00%(upstream:track)%00%(upstream:remotename)%00%(upstream:remoteref) refs/heads/master refs/remotes/master [2ms]
2025-12-24 11:21:43.009 [info] > git status -z -uall [15ms]
2025-12-24 11:21:43.009 [info] > git for-each-ref --sort -committerdate --format %(refname)%00%(objectname)%00%(*objectname) [3ms]
2025-12-24 11:21:43.071 [info] > git ls-files --stage -- src/errors/mod.rs [2ms]
2025-12-24 11:21:43.084 [info] > git cat-file -s 07f79136c4abe4a4177d0d91ad315fbe2a65588a [1ms]
2025-12-24 11:21:43.100 [info] > git show --textconv :src/errors/mod.rs [3ms]
2025-12-24 11:25:28.766 [info] > git show --textconv :src/errors/mod.rs [19ms]
2025-12-24 11:25:28.767 [info] > git ls-files --stage -- src/errors/mod.rs [2ms]
2025-12-24 11:25:28.784 [info] > git cat-file -s 07f79136c4abe4a4177d0d91ad315fbe2a65588a [2ms]
2025-12-24 11:25:30.972 [info] > git show --textconv :src/errors/mod.rs [17ms]
2025-12-24 11:25:30.974 [info] > git ls-files --stage -- src/errors/mod.rs [3ms]
2025-12-24 11:25:30.991 [info] > git cat-file -s 07f79136c4abe4a4177d0d91ad315fbe2a65588a [2ms]
2025-12-24 11:25:36.069 [info] > git config --get commit.template [12ms]
2025-12-24 11:25:36.070 [info] > git for-each-ref --format=%(refname)%00%(upstream:short)%00%(objectname)%00%(upstream:track)%00%(upstream:remotename)%00%(upstream:remoteref) refs/heads/master refs/remotes/master [2ms]
2025-12-24 11:25:36.098 [info] > git status -z -uall [16ms]
2025-12-24 11:25:36.098 [info] > git for-each-ref --sort -committerdate --format %(refname)%00%(objectname)%00%(*objectname) [4ms]
2025-12-24 11:25:36.157 [info] > git ls-files --stage -- src/errors/mod.rs [2ms]
2025-12-24 11:25:36.170 [info] > git cat-file -s 07f79136c4abe4a4177d0d91ad315fbe2a65588a [2ms]
2025-12-24 11:25:36.187 [info] > git show --textconv :src/errors/mod.rs [2ms]
2025-12-24 11:25:39.795 [info] > git ls-files --stage -- src/errors/mod.rs [2ms]
2025-12-24 11:25:39.809 [info] > git cat-file -s 07f79136c4abe4a4177d0d91ad315fbe2a65588a [2ms]
2025-12-24 11:25:39.825 [info] > git show --textconv :src/errors/mod.rs [2ms]
2025-12-24 11:25:41.130 [info] > git config --get commit.template [13ms]
2025-12-24 11:25:41.131 [info] > git for-each-ref --format=%(refname)%00%(upstream:short)%00%(objectname)%00%(upstream:track)%00%(upstream:remotename)%00%(upstream:remoteref) refs/heads/master refs/remotes/master [2ms]
2025-12-24 11:25:41.155 [info] > git status -z -uall [13ms]
2025-12-24 11:25:41.157 [info] > git for-each-ref --sort -committerdate --format %(refname)%00%(objectname)%00%(*objectname) [2ms]
2025-12-24 11:25:54.856 [info] > git config --get commit.template [10ms]
2025-12-24 11:25:54.858 [info] > git for-each-ref --format=%(refname)%00%(upstream:short)%00%(objectname)%00%(upstream:track)%00%(upstream:remotename)%00%(upstream:remoteref) refs/heads/master refs/remotes/master [2ms]
2025-12-24 11:25:54.880 [info] > git status -z -uall [12ms]
2025-12-24 11:25:54.881 [info] > git for-each-ref --sort -committerdate --format %(refname)%00%(objectname)%00%(*objectname) [3ms]
2025-12-24 11:25:54.948 [info] > git ls-files --stage -- src/errors/mod.rs [1ms]
2025-12-24 11:25:54.959 [info] > git cat-file -s 07f79136c4abe4a4177d0d91ad315fbe2a65588a [1ms]
2025-12-24 11:25:54.972 [info] > git show --textconv :src/errors/mod.rs [2ms]
2025-12-24 11:26:03.498 [info] > git config --get commit.template [20ms]
2025-12-24 11:26:03.499 [info] > git for-each-ref --format=%(refname)%00%(upstream:short)%00%(objectname)%00%(upstream:track)%00%(upstream:remotename)%00%(upstream:remoteref) refs/heads/master refs/remotes/master [2ms]
2025-12-24 11:26:03.542 [info] > git status -z -uall [18ms]
2025-12-24 11:26:03.544 [info] > git for-each-ref --sort -committerdate --format %(refname)%00%(objectname)%00%(*objectname) [3ms]
2025-12-24 11:26:03.586 [info] > git blame --root --incremental 153ae93eb1643ceea64b168f7d41727f55c5734f -- src/errors/mod.rs [20ms]
2025-12-24 11:26:03.591 [info] > git merge-base refs/heads/master refs/remotes/origin/master [8ms]
2025-12-24 11:26:03.623 [info] > git diff --name-status -z --diff-filter=ADMR --find-renames=50% 153ae93eb1643ceea64b168f7d41727f55c5734f...refs/remotes/origin/master -- [17ms]
2025-12-24 11:26:03.625 [info] > git ls-files --stage -- src/errors/mod.rs [3ms]
2025-12-24 11:26:03.640 [info] > git cat-file -s 07f79136c4abe4a4177d0d91ad315fbe2a65588a [2ms]
2025-12-24 11:26:03.659 [info] > git show --textconv :src/errors/mod.rs [3ms]
